TpTrace Verbose: 0 : 2772, 1, 2022/04/13, 22:10:04.826, 12318170983405, vstest.console.dll, Version: 17.0.0
TpTrace Information: 0 : 2772, 1, 2022/04/13, 22:10:04.835, 12318171042923, vstest.console.dll, FilePatternParser: The given file E:\Programming\FasterMate\FasterMate.Test\bin\Debug\net6.0\fine-code-coverage\build-output\FasterMate.Test.dll is a full path.
TpTrace Verbose: 0 : 2772, 1, 2022/04/13, 22:10:04.838, 12318171080455, vstest.console.dll, TestPluginCache.DiscoverTestExtensions: finding test extensions in assemblies ends with: RuntimeProvider.dll TPluginInfo: Microsoft.VisualStudio.TestPlatform.Common.ExtensionFramework.Utilities.TestRuntimePluginInformation TExtension: Microsoft.VisualStudio.TestPlatform.ObjectModel.Host.ITestRuntimeProvider
TpTrace Verbose: 0 : 2772, 1, 2022/04/13, 22:10:04.839, 12318171086505, vstest.console.dll, TestPluginCache.GetExtensionPaths: Filtered extension paths: 
TpTrace Verbose: 0 : 2772, 1, 2022/04/13, 22:10:04.839, 12318171087160, vstest.console.dll, TestPluginCache.GetExtensionPaths: Added default extension paths: C:\Program Files\dotnet\sdk\6.0.100\Extensions\Microsoft.Diagnostics.NETCore.Client.dll
C:\Program Files\dotnet\sdk\6.0.100\Extensions\Microsoft.TestPlatform.Extensions.BlameDataCollector.dll
C:\Program Files\dotnet\sdk\6.0.100\Extensions\Microsoft.TestPlatform.Extensions.EventLogCollector.dll
C:\Program Files\dotnet\sdk\6.0.100\Extensions\Microsoft.TestPlatform.TestHostRuntimeProvider.dll
C:\Program Files\dotnet\sdk\6.0.100\Extensions\Microsoft.VisualStudio.TestPlatform.Extensions.Html.TestLogger.dll
C:\Program Files\dotnet\sdk\6.0.100\Extensions\Microsoft.VisualStudio.TestPlatform.Extensions.Trx.TestLogger.dll
TpTrace Verbose: 0 : 2772, 1, 2022/04/13, 22:10:04.839, 12318171087421, vstest.console.dll, TestPluginCache.GetExtensionPaths: Added unfilterableExtensionPaths: 
TpTrace Information: 0 : 2772, 1, 2022/04/13, 22:10:04.840, 12318171093412, vstest.console.dll, AssemblyResolver.ctor: Creating AssemblyResolver with searchDirectories C:\Program Files\dotnet\sdk\6.0.100\Extensions,C:\Program Files\dotnet\sdk\6.0.100
TpTrace Verbose: 0 : 2772, 1, 2022/04/13, 22:10:04.840, 12318171099400, vstest.console.dll, TestPluginCache.DiscoverTestExtensions: Discovering the extensions using extension path.
TpTrace Verbose: 0 : 2772, 1, 2022/04/13, 22:10:04.840, 12318171100173, vstest.console.dll, TestPluginCache.GetExtensionPaths: Filtered extension paths: 
TpTrace Verbose: 0 : 2772, 1, 2022/04/13, 22:10:04.840, 12318171100453, vstest.console.dll, TestPluginCache.GetExtensionPaths: Added default extension paths: C:\Program Files\dotnet\sdk\6.0.100\Extensions\Microsoft.Diagnostics.NETCore.Client.dll
C:\Program Files\dotnet\sdk\6.0.100\Extensions\Microsoft.TestPlatform.Extensions.BlameDataCollector.dll
C:\Program Files\dotnet\sdk\6.0.100\Extensions\Microsoft.TestPlatform.Extensions.EventLogCollector.dll
C:\Program Files\dotnet\sdk\6.0.100\Extensions\Microsoft.TestPlatform.TestHostRuntimeProvider.dll
C:\Program Files\dotnet\sdk\6.0.100\Extensions\Microsoft.VisualStudio.TestPlatform.Extensions.Html.TestLogger.dll
C:\Program Files\dotnet\sdk\6.0.100\Extensions\Microsoft.VisualStudio.TestPlatform.Extensions.Trx.TestLogger.dll
TpTrace Verbose: 0 : 2772, 1, 2022/04/13, 22:10:04.840, 12318171100712, vstest.console.dll, TestPluginCache.GetExtensionPaths: Added unfilterableExtensionPaths: 
TpTrace Verbose: 0 : 2772, 1, 2022/04/13, 22:10:04.840, 12318171101111, vstest.console.dll, TestPluginCache.DiscoverTestExtensions: Discovering the extensions using allExtensionPaths: C:\Program Files\dotnet\sdk\6.0.100\Extensions\Microsoft.Diagnostics.NETCore.Client.dll
C:\Program Files\dotnet\sdk\6.0.100\Extensions\Microsoft.TestPlatform.Extensions.BlameDataCollector.dll
C:\Program Files\dotnet\sdk\6.0.100\Extensions\Microsoft.TestPlatform.Extensions.EventLogCollector.dll
C:\Program Files\dotnet\sdk\6.0.100\Extensions\Microsoft.TestPlatform.TestHostRuntimeProvider.dll
C:\Program Files\dotnet\sdk\6.0.100\Extensions\Microsoft.VisualStudio.TestPlatform.Extensions.Html.TestLogger.dll
C:\Program Files\dotnet\sdk\6.0.100\Extensions\Microsoft.VisualStudio.TestPlatform.Extensions.Trx.TestLogger.dll
TpTrace Information: 0 : 2772, 1, 2022/04/13, 22:10:04.841, 12318171102204, vstest.console.dll, AssemblyResolver.AddSearchDirectories: Adding more searchDirectories C:\Program Files\dotnet\sdk\6.0.100\Extensions,C:\Program Files\dotnet\sdk\6.0.100
TpTrace Information: 0 : 2772, 1, 2022/04/13, 22:10:04.841, 12318171102570, vstest.console.dll, AssemblyResolver.AddSearchDirectories: Adding more searchDirectories C:\Program Files\dotnet\sdk\6.0.100\Extensions,C:\Program Files\dotnet\sdk\6.0.100
TpTrace Information: 0 : 2772, 1, 2022/04/13, 22:10:04.841, 12318171102828, vstest.console.dll, AssemblyResolver.AddSearchDirectories: Adding more searchDirectories C:\Program Files\dotnet\sdk\6.0.100\Extensions,C:\Program Files\dotnet\sdk\6.0.100
TpTrace Information: 0 : 2772, 1, 2022/04/13, 22:10:04.841, 12318171103039, vstest.console.dll, AssemblyResolver.AddSearchDirectories: Adding more searchDirectories C:\Program Files\dotnet\sdk\6.0.100\Extensions,C:\Program Files\dotnet\sdk\6.0.100
TpTrace Information: 0 : 2772, 1, 2022/04/13, 22:10:04.841, 12318171103240, vstest.console.dll, AssemblyResolver.AddSearchDirectories: Adding more searchDirectories C:\Program Files\dotnet\sdk\6.0.100\Extensions,C:\Program Files\dotnet\sdk\6.0.100
TpTrace Information: 0 : 2772, 1, 2022/04/13, 22:10:04.841, 12318171103452, vstest.console.dll, AssemblyResolver.AddSearchDirectories: Adding more searchDirectories C:\Program Files\dotnet\sdk\6.0.100\Extensions,C:\Program Files\dotnet\sdk\6.0.100
TpTrace Information: 0 : 2772, 1, 2022/04/13, 22:10:04.841, 12318171105829, vstest.console.dll, AssemblyResolver.OnResolve: Microsoft.Diagnostics.NETCore.Client: Resolving assembly.
TpTrace Information: 0 : 2772, 1, 2022/04/13, 22:10:04.841, 12318171106797, vstest.console.dll, AssemblyResolver.OnResolve: Microsoft.Diagnostics.NETCore.Client: Searching in: 'C:\Program Files\dotnet\sdk\6.0.100\Extensions'.
TpTrace Information: 0 : 2772, 1, 2022/04/13, 22:10:04.842, 12318171112329, vstest.console.dll, AssemblyResolver.OnResolve: Microsoft.Diagnostics.NETCore.Client: Loading assembly 'C:\Program Files\dotnet\sdk\6.0.100\Extensions\Microsoft.Diagnostics.NETCore.Client.dll'.
TpTrace Information: 0 : 2772, 1, 2022/04/13, 22:10:04.842, 12318171117135, vstest.console.dll, AssemblyResolver.OnResolve: Resolved assembly: Microsoft.Diagnostics.NETCore.Client, from path: C:\Program Files\dotnet\sdk\6.0.100\Extensions\Microsoft.Diagnostics.NETCore.Client.dll
TpTrace Information: 0 : 2772, 1, 2022/04/13, 22:10:04.846, 12318171157272, vstest.console.dll, AssemblyResolver.OnResolve: Microsoft.Bcl.AsyncInterfaces: Resolving assembly.
TpTrace Information: 0 : 2772, 1, 2022/04/13, 22:10:04.846, 12318171157814, vstest.console.dll, AssemblyResolver.OnResolve: Microsoft.Bcl.AsyncInterfaces: Searching in: 'C:\Program Files\dotnet\sdk\6.0.100\Extensions'.
TpTrace Information: 0 : 2772, 1, 2022/04/13, 22:10:04.846, 12318171158485, vstest.console.dll, AssemblyResolver.OnResolve: Microsoft.Bcl.AsyncInterfaces: Assembly path does not exist: 'C:\Program Files\dotnet\sdk\6.0.100\Extensions\Microsoft.Bcl.AsyncInterfaces.dll', returning.
TpTrace Information: 0 : 2772, 1, 2022/04/13, 22:10:04.846, 12318171159005, vstest.console.dll, AssemblyResolver.OnResolve: Microsoft.Bcl.AsyncInterfaces: Assembly path does not exist: 'C:\Program Files\dotnet\sdk\6.0.100\Extensions\Microsoft.Bcl.AsyncInterfaces.exe', returning.
TpTrace Information: 0 : 2772, 1, 2022/04/13, 22:10:04.846, 12318171159260, vstest.console.dll, AssemblyResolver.OnResolve: Microsoft.Bcl.AsyncInterfaces: Searching in: 'C:\Program Files\dotnet\sdk\6.0.100'.
TpTrace Information: 0 : 2772, 1, 2022/04/13, 22:10:04.846, 12318171159766, vstest.console.dll, AssemblyResolver.OnResolve: Microsoft.Bcl.AsyncInterfaces: Assembly path does not exist: 'C:\Program Files\dotnet\sdk\6.0.100\Microsoft.Bcl.AsyncInterfaces.dll', returning.
TpTrace Information: 0 : 2772, 1, 2022/04/13, 22:10:04.846, 12318171160257, vstest.console.dll, AssemblyResolver.OnResolve: Microsoft.Bcl.AsyncInterfaces: Assembly path does not exist: 'C:\Program Files\dotnet\sdk\6.0.100\Microsoft.Bcl.AsyncInterfaces.exe', returning.
TpTrace Information: 0 : 2772, 1, 2022/04/13, 22:10:04.846, 12318171160819, vstest.console.dll, AssemblyResolver.OnResolve: Microsoft.Bcl.AsyncInterfaces: Failed to load assembly.
TpTrace Verbose: 0 : 2772, 1, 2022/04/13, 22:10:04.846, 12318171161166, vstest.console.dll, CurrentDomainAssemblyResolve: Resolving assembly 'Microsoft.Bcl.AsyncInterfaces'.
TpTrace Information: 0 : 2772, 1, 2022/04/13, 22:10:04.846, 12318171161572, vstest.console.dll, AssemblyResolver.OnResolve: Microsoft.Bcl.AsyncInterfaces: Resolving assembly.
TpTrace Information: 0 : 2772, 1, 2022/04/13, 22:10:04.846, 12318171161827, vstest.console.dll, AssemblyResolver.OnResolve: Microsoft.Bcl.AsyncInterfaces: Resolved from cache.
TpTrace Verbose: 0 : 2772, 1, 2022/04/13, 22:10:04.847, 12318171162035, vstest.console.dll, CurrentDomainAssemblyResolve: Resolving assembly 'Microsoft.Bcl.AsyncInterfaces'.
TpTrace Verbose: 0 : 2772, 1, 2022/04/13, 22:10:04.847, 12318171162275, vstest.console.dll, CurrentDomainAssemblyResolve: Failed to resolve assembly 'Microsoft.Bcl.AsyncInterfaces'.
TpTrace Verbose: 0 : 2772, 1, 2022/04/13, 22:10:04.847, 12318171165920, vstest.console.dll, CurrentDomainAssemblyResolve: Failed to resolve assembly 'Microsoft.Bcl.AsyncInterfaces'.
TpTrace Warning: 0 : 2772, 1, 2022/04/13, 22:10:04.856, 12318171261309, vstest.console.dll, TestPluginDiscoverer: Failed to get types from assembly 'Microsoft.Diagnostics.NETCore.Client, Version=0.2.4.21401, Culture=neutral, PublicKeyToken=31bf3856ad364e35'.  Skipping test extension scan for this assembly.  Error: System.Reflection.ReflectionTypeLoadException: Unable to load one or more of the requested types.
Could not load file or assembly 'Microsoft.Bcl.AsyncInterfaces, Version=1.0.0.0, Culture=neutral, PublicKeyToken=cc7b13ffcd2ddd51'. The system cannot find the file specified.
   at System.Reflection.RuntimeModule.GetTypes(RuntimeModule module)
   at System.Reflection.Assembly.GetTypes()
   at Microsoft.VisualStudio.TestPlatform.Common.ExtensionFramework.TestPluginDiscoverer.GetTestExtensionsFromAssembly[TPluginInfo,TExtension](Assembly assembly, Dictionary`2 pluginInfos)
System.IO.FileNotFoundException: Could not load file or assembly 'Microsoft.Bcl.AsyncInterfaces, Version=1.0.0.0, Culture=neutral, PublicKeyToken=cc7b13ffcd2ddd51'. The system cannot find the file specified.
File name: 'Microsoft.Bcl.AsyncInterfaces, Version=1.0.0.0, Culture=neutral, PublicKeyToken=cc7b13ffcd2ddd51'
 ---> System.IO.FileNotFoundException: Could not load file or assembly 'Microsoft.Bcl.AsyncInterfaces, Culture=neutral, PublicKeyToken=null'. The system cannot find the file specified.
File name: 'Microsoft.Bcl.AsyncInterfaces, Culture=neutral, PublicKeyToken=null'
   at System.Reflection.RuntimeAssembly.InternalLoad(ObjectHandleOnStack assemblyName, ObjectHandleOnStack requestingAssembly, StackCrawlMarkHandle stackMark, Boolean throwOnFileNotFound, ObjectHandleOnStack assemblyLoadContext, ObjectHandleOnStack retAssembly)
   at System.Reflection.RuntimeAssembly.InternalLoad(AssemblyName assemblyName, RuntimeAssembly requestingAssembly, StackCrawlMark& stackMark, Boolean throwOnFileNotFound, AssemblyLoadContext assemblyLoadContext)
   at System.Reflection.Assembly.Load(AssemblyName assemblyRef)
   at Microsoft.VisualStudio.TestPlatform.Common.ExtensionFramework.TestPluginCache.CurrentDomainAssemblyResolve(Object sender, AssemblyResolveEventArgs args)
   at Microsoft.VisualStudio.TestPlatform.PlatformAbstractions.PlatformAssemblyResolver.AssemblyResolverEvent(Object sender, Object eventArgs)
   at System.Runtime.Loader.AssemblyLoadContext.GetFirstResolvedAssemblyFromResolvingEvent(AssemblyName assemblyName)
   at System.Runtime.Loader.AssemblyLoadContext.ResolveUsingEvent(AssemblyName assemblyName)
   at System.Runtime.Loader.AssemblyLoadContext.ResolveUsingResolvingEvent(IntPtr gchManagedAssemblyLoadContext, AssemblyName assemblyName)
TpTrace Warning: 0 : 2772, 1, 2022/04/13, 22:10:04.857, 12318171262671, vstest.console.dll, LoaderExceptions: System.IO.FileNotFoundException: Could not load file or assembly 'Microsoft.Bcl.AsyncInterfaces, Version=1.0.0.0, Culture=neutral, PublicKeyToken=cc7b13ffcd2ddd51'. The system cannot find the file specified.
File name: 'Microsoft.Bcl.AsyncInterfaces, Version=1.0.0.0, Culture=neutral, PublicKeyToken=cc7b13ffcd2ddd51'
 ---> System.IO.FileNotFoundException: Could not load file or assembly 'Microsoft.Bcl.AsyncInterfaces, Culture=neutral, PublicKeyToken=null'. The system cannot find the file specified.
File name: 'Microsoft.Bcl.AsyncInterfaces, Culture=neutral, PublicKeyToken=null'
   at System.Reflection.RuntimeAssembly.InternalLoad(ObjectHandleOnStack assemblyName, ObjectHandleOnStack requestingAssembly, StackCrawlMarkHandle stackMark, Boolean throwOnFileNotFound, ObjectHandleOnStack assemblyLoadContext, ObjectHandleOnStack retAssembly)
   at System.Reflection.RuntimeAssembly.InternalLoad(AssemblyName assemblyName, RuntimeAssembly requestingAssembly, StackCrawlMark& stackMark, Boolean throwOnFileNotFound, AssemblyLoadContext assemblyLoadContext)
   at System.Reflection.Assembly.Load(AssemblyName assemblyRef)
   at Microsoft.VisualStudio.TestPlatform.Common.ExtensionFramework.TestPluginCache.CurrentDomainAssemblyResolve(Object sender, AssemblyResolveEventArgs args)
   at Microsoft.VisualStudio.TestPlatform.PlatformAbstractions.PlatformAssemblyResolver.AssemblyResolverEvent(Object sender, Object eventArgs)
   at System.Runtime.Loader.AssemblyLoadContext.GetFirstResolvedAssemblyFromResolvingEvent(AssemblyName assemblyName)
   at System.Runtime.Loader.AssemblyLoadContext.ResolveUsingEvent(AssemblyName assemblyName)
   at System.Runtime.Loader.AssemblyLoadContext.ResolveUsingResolvingEvent(IntPtr gchManagedAssemblyLoadContext, AssemblyName assemblyName)
TpTrace Information: 0 : 2772, 1, 2022/04/13, 22:10:04.857, 12318171263366, vstest.console.dll, AssemblyResolver.OnResolve: Microsoft.TestPlatform.Extensions.BlameDataCollector: Resolving assembly.
TpTrace Information: 0 : 2772, 1, 2022/04/13, 22:10:04.857, 12318171263636, vstest.console.dll, AssemblyResolver.OnResolve: Microsoft.TestPlatform.Extensions.BlameDataCollector: Searching in: 'C:\Program Files\dotnet\sdk\6.0.100\Extensions'.
TpTrace Information: 0 : 2772, 1, 2022/04/13, 22:10:04.857, 12318171267807, vstest.console.dll, AssemblyResolver.OnResolve: Microsoft.TestPlatform.Extensions.BlameDataCollector: Loading assembly 'C:\Program Files\dotnet\sdk\6.0.100\Extensions\Microsoft.TestPlatform.Extensions.BlameDataCollector.dll'.
TpTrace Information: 0 : 2772, 1, 2022/04/13, 22:10:04.858, 12318171272634, vstest.console.dll, AssemblyResolver.OnResolve: Resolved assembly: Microsoft.TestPlatform.Extensions.BlameDataCollector, from path: C:\Program Files\dotnet\sdk\6.0.100\Extensions\Microsoft.TestPlatform.Extensions.BlameDataCollector.dll
TpTrace Information: 0 : 2772, 1, 2022/04/13, 22:10:04.858, 12318171277065, vstest.console.dll, AssemblyResolver.OnResolve: Microsoft.TestPlatform.Extensions.EventLogCollector: Resolving assembly.
TpTrace Information: 0 : 2772, 1, 2022/04/13, 22:10:04.858, 12318171277421, vstest.console.dll, AssemblyResolver.OnResolve: Microsoft.TestPlatform.Extensions.EventLogCollector: Searching in: 'C:\Program Files\dotnet\sdk\6.0.100\Extensions'.
TpTrace Information: 0 : 2772, 1, 2022/04/13, 22:10:04.858, 12318171280665, vstest.console.dll, AssemblyResolver.OnResolve: Microsoft.TestPlatform.Extensions.EventLogCollector: Loading assembly 'C:\Program Files\dotnet\sdk\6.0.100\Extensions\Microsoft.TestPlatform.Extensions.EventLogCollector.dll'.
TpTrace Information: 0 : 2772, 1, 2022/04/13, 22:10:04.859, 12318171284262, vstest.console.dll, AssemblyResolver.OnResolve: Resolved assembly: Microsoft.TestPlatform.Extensions.EventLogCollector, from path: C:\Program Files\dotnet\sdk\6.0.100\Extensions\Microsoft.TestPlatform.Extensions.EventLogCollector.dll
TpTrace Information: 0 : 2772, 1, 2022/04/13, 22:10:04.860, 12318171298376, vstest.console.dll, AssemblyResolver.OnResolve: Microsoft.TestPlatform.TestHostRuntimeProvider: Resolving assembly.
TpTrace Information: 0 : 2772, 1, 2022/04/13, 22:10:04.860, 12318171299099, vstest.console.dll, AssemblyResolver.OnResolve: Microsoft.TestPlatform.TestHostRuntimeProvider: Searching in: 'C:\Program Files\dotnet\sdk\6.0.100\Extensions'.
TpTrace Information: 0 : 2772, 1, 2022/04/13, 22:10:04.860, 12318171301977, vstest.console.dll, AssemblyResolver.OnResolve: Microsoft.TestPlatform.TestHostRuntimeProvider: Loading assembly 'C:\Program Files\dotnet\sdk\6.0.100\Extensions\Microsoft.TestPlatform.TestHostRuntimeProvider.dll'.
TpTrace Information: 0 : 2772, 1, 2022/04/13, 22:10:04.861, 12318171305736, vstest.console.dll, AssemblyResolver.OnResolve: Resolved assembly: Microsoft.TestPlatform.TestHostRuntimeProvider, from path: C:\Program Files\dotnet\sdk\6.0.100\Extensions\Microsoft.TestPlatform.TestHostRuntimeProvider.dll
TpTrace Information: 0 : 2772, 1, 2022/04/13, 22:10:04.862, 12318171313642, vstest.console.dll, AssemblyResolver.OnResolve: Microsoft.VisualStudio.TestPlatform.Extensions.Html.TestLogger: Resolving assembly.
TpTrace Information: 0 : 2772, 1, 2022/04/13, 22:10:04.862, 12318171314006, vstest.console.dll, AssemblyResolver.OnResolve: Microsoft.VisualStudio.TestPlatform.Extensions.Html.TestLogger: Searching in: 'C:\Program Files\dotnet\sdk\6.0.100\Extensions'.
TpTrace Information: 0 : 2772, 1, 2022/04/13, 22:10:04.862, 12318171316731, vstest.console.dll, AssemblyResolver.OnResolve: Microsoft.VisualStudio.TestPlatform.Extensions.Html.TestLogger: Loading assembly 'C:\Program Files\dotnet\sdk\6.0.100\Extensions\Microsoft.VisualStudio.TestPlatform.Extensions.Html.TestLogger.dll'.
TpTrace Information: 0 : 2772, 1, 2022/04/13, 22:10:04.862, 12318171320583, vstest.console.dll, AssemblyResolver.OnResolve: Resolved assembly: Microsoft.VisualStudio.TestPlatform.Extensions.Html.TestLogger, from path: C:\Program Files\dotnet\sdk\6.0.100\Extensions\Microsoft.VisualStudio.TestPlatform.Extensions.Html.TestLogger.dll
TpTrace Information: 0 : 2772, 1, 2022/04/13, 22:10:04.863, 12318171322623, vstest.console.dll, AssemblyResolver.OnResolve: Microsoft.VisualStudio.TestPlatform.Extensions.Trx.TestLogger: Resolving assembly.
TpTrace Information: 0 : 2772, 1, 2022/04/13, 22:10:04.863, 12318171322943, vstest.console.dll, AssemblyResolver.OnResolve: Microsoft.VisualStudio.TestPlatform.Extensions.Trx.TestLogger: Searching in: 'C:\Program Files\dotnet\sdk\6.0.100\Extensions'.
TpTrace Information: 0 : 2772, 1, 2022/04/13, 22:10:04.863, 12318171325817, vstest.console.dll, AssemblyResolver.OnResolve: Microsoft.VisualStudio.TestPlatform.Extensions.Trx.TestLogger: Loading assembly 'C:\Program Files\dotnet\sdk\6.0.100\Extensions\Microsoft.VisualStudio.TestPlatform.Extensions.Trx.TestLogger.dll'.
TpTrace Information: 0 : 2772, 1, 2022/04/13, 22:10:04.863, 12318171329534, vstest.console.dll, AssemblyResolver.OnResolve: Resolved assembly: Microsoft.VisualStudio.TestPlatform.Extensions.Trx.TestLogger, from path: C:\Program Files\dotnet\sdk\6.0.100\Extensions\Microsoft.VisualStudio.TestPlatform.Extensions.Trx.TestLogger.dll
TpTrace Verbose: 0 : 2772, 1, 2022/04/13, 22:10:04.864, 12318171333221, vstest.console.dll, TestPluginCache: Discovered the extensions using extension path ''.
TpTrace Verbose: 0 : 2772, 1, 2022/04/13, 22:10:04.864, 12318171333602, vstest.console.dll, TestPluginCache: Discoverers are ''.
TpTrace Verbose: 0 : 2772, 1, 2022/04/13, 22:10:04.864, 12318171333788, vstest.console.dll, TestPluginCache: Executors are ''.
TpTrace Verbose: 0 : 2772, 1, 2022/04/13, 22:10:04.864, 12318171333951, vstest.console.dll, TestPluginCache: Executors2 are ''.
TpTrace Verbose: 0 : 2772, 1, 2022/04/13, 22:10:04.864, 12318171334111, vstest.console.dll, TestPluginCache: Setting providers are ''.
TpTrace Verbose: 0 : 2772, 1, 2022/04/13, 22:10:04.864, 12318171334270, vstest.console.dll, TestPluginCache: Loggers are ''.
TpTrace Information: 0 : 2772, 1, 2022/04/13, 22:10:04.867, 12318171363687, vstest.console.dll, RunTestsArgumentProcessor:Execute: Test run is starting.
TpTrace Verbose: 0 : 2772, 1, 2022/04/13, 22:10:04.867, 12318171364162, vstest.console.dll, RunTestsArgumentProcessor:Execute: Queuing Test run.
TpTrace Information: 0 : 2772, 1, 2022/04/13, 22:10:04.867, 12318171365485, vstest.console.dll, TestRequestManager.RunTests: run tests started.
TpTrace Information: 0 : 2772, 1, 2022/04/13, 22:10:04.872, 12318171412407, vstest.console.dll, AssemblyMetadataProvider.GetFrameWork: Determined framework:'.NETCoreApp,Version=v6.0' for source: 'E:\Programming\FasterMate\FasterMate.Test\bin\Debug\net6.0\fine-code-coverage\build-output\FasterMate.Test.dll'
TpTrace Information: 0 : 2772, 1, 2022/04/13, 22:10:04.872, 12318171413595, vstest.console.dll, Determined framework for all sources: .NETCoreApp,Version=v6.0
TpTrace Information: 0 : 2772, 1, 2022/04/13, 22:10:04.872, 12318171416345, vstest.console.dll, AssemblyMetadataProvider.GetArchitecture: Determined architecture:AnyCPU info for assembly: E:\Programming\FasterMate\FasterMate.Test\bin\Debug\net6.0\fine-code-coverage\build-output\FasterMate.Test.dll
TpTrace Information: 0 : 2772, 1, 2022/04/13, 22:10:04.873, 12318171429274, vstest.console.dll, Determined platform for all sources: X64
TpTrace Information: 0 : 2772, 1, 2022/04/13, 22:10:04.875, 12318171447001, vstest.console.dll, Compatible sources list : 
TpTrace Information: 0 : 2772, 1, 2022/04/13, 22:10:04.875, 12318171447523, vstest.console.dll, E:\Programming\FasterMate\FasterMate.Test\bin\Debug\net6.0\fine-code-coverage\build-output\FasterMate.Test.dll
TpTrace Information: 0 : 2772, 1, 2022/04/13, 22:10:04.877, 12318171463623, vstest.console.dll, InferRunSettingsHelper.IsTestSettingsEnabled: Unable to navigate to RunSettings/MSTest. Current node: RunSettings
TpTrace Information: 0 : 2772, 1, 2022/04/13, 22:10:04.877, 12318171467926, vstest.console.dll, AssemblyResolver.OnResolve: Microsoft.VisualStudio.TestPlatform.Fakes: Resolving assembly.
TpTrace Information: 0 : 2772, 1, 2022/04/13, 22:10:04.877, 12318171468348, vstest.console.dll, AssemblyResolver.OnResolve: Microsoft.VisualStudio.TestPlatform.Fakes: Searching in: 'C:\Program Files\dotnet\sdk\6.0.100\Extensions'.
TpTrace Information: 0 : 2772, 1, 2022/04/13, 22:10:04.877, 12318171469261, vstest.console.dll, AssemblyResolver.OnResolve: Microsoft.VisualStudio.TestPlatform.Fakes: Assembly path does not exist: 'C:\Program Files\dotnet\sdk\6.0.100\Extensions\Microsoft.VisualStudio.TestPlatform.Fakes.dll', returning.
TpTrace Information: 0 : 2772, 1, 2022/04/13, 22:10:04.877, 12318171469811, vstest.console.dll, AssemblyResolver.OnResolve: Microsoft.VisualStudio.TestPlatform.Fakes: Assembly path does not exist: 'C:\Program Files\dotnet\sdk\6.0.100\Extensions\Microsoft.VisualStudio.TestPlatform.Fakes.exe', returning.
TpTrace Information: 0 : 2772, 1, 2022/04/13, 22:10:04.877, 12318171470032, vstest.console.dll, AssemblyResolver.OnResolve: Microsoft.VisualStudio.TestPlatform.Fakes: Searching in: 'C:\Program Files\dotnet\sdk\6.0.100'.
TpTrace Information: 0 : 2772, 1, 2022/04/13, 22:10:04.877, 12318171470563, vstest.console.dll, AssemblyResolver.OnResolve: Microsoft.VisualStudio.TestPlatform.Fakes: Assembly path does not exist: 'C:\Program Files\dotnet\sdk\6.0.100\Microsoft.VisualStudio.TestPlatform.Fakes.dll', returning.
TpTrace Information: 0 : 2772, 1, 2022/04/13, 22:10:04.877, 12318171471065, vstest.console.dll, AssemblyResolver.OnResolve: Microsoft.VisualStudio.TestPlatform.Fakes: Assembly path does not exist: 'C:\Program Files\dotnet\sdk\6.0.100\Microsoft.VisualStudio.TestPlatform.Fakes.exe', returning.
TpTrace Information: 0 : 2772, 1, 2022/04/13, 22:10:04.877, 12318171471279, vstest.console.dll, AssemblyResolver.OnResolve: Microsoft.VisualStudio.TestPlatform.Fakes: Failed to load assembly.
TpTrace Information: 0 : 2772, 1, 2022/04/13, 22:10:04.878, 12318171473057, vstest.console.dll, Failed to load assembly Microsoft.VisualStudio.TestPlatform.Fakes, Version=17.0.0.0, Culture=neutral. Reason:System.IO.FileNotFoundException: Could not load file or assembly 'Microsoft.VisualStudio.TestPlatform.Fakes, Version=17.0.0.0, Culture=neutral, PublicKeyToken=null'. The system cannot find the file specified.
File name: 'Microsoft.VisualStudio.TestPlatform.Fakes, Version=17.0.0.0, Culture=neutral, PublicKeyToken=null'
   at System.Reflection.RuntimeAssembly.InternalLoad(ObjectHandleOnStack assemblyName, ObjectHandleOnStack requestingAssembly, StackCrawlMarkHandle stackMark, Boolean throwOnFileNotFound, ObjectHandleOnStack assemblyLoadContext, ObjectHandleOnStack retAssembly)
   at System.Reflection.RuntimeAssembly.InternalLoad(AssemblyName assemblyName, RuntimeAssembly requestingAssembly, StackCrawlMark& stackMark, Boolean throwOnFileNotFound, AssemblyLoadContext assemblyLoadContext)
   at System.Reflection.Assembly.Load(AssemblyName assemblyRef)
   at Microsoft.VisualStudio.TestPlatform.Common.Utilities.FakesUtilities.LoadTestPlatformAssembly()
TpTrace Verbose: 0 : 2772, 1, 2022/04/13, 22:10:04.880, 12318171498715, vstest.console.dll, TestPluginCache.DiscoverTestExtensions: finding test extensions in assemblies ends with: TestLogger.dll TPluginInfo: Microsoft.VisualStudio.TestPlatform.Common.ExtensionFramework.Utilities.TestLoggerPluginInformation TExtension: Microsoft.VisualStudio.TestPlatform.ObjectModel.Client.ITestLogger
TpTrace Verbose: 0 : 2772, 1, 2022/04/13, 22:10:04.880, 12318171499226, vstest.console.dll, TestPluginCache.GetExtensionPaths: Filtered extension paths: 
TpTrace Verbose: 0 : 2772, 1, 2022/04/13, 22:10:04.880, 12318171499456, vstest.console.dll, TestPluginCache.GetExtensionPaths: Added default extension paths: C:\Program Files\dotnet\sdk\6.0.100\Extensions\Microsoft.Diagnostics.NETCore.Client.dll
C:\Program Files\dotnet\sdk\6.0.100\Extensions\Microsoft.TestPlatform.Extensions.BlameDataCollector.dll
C:\Program Files\dotnet\sdk\6.0.100\Extensions\Microsoft.TestPlatform.Extensions.EventLogCollector.dll
C:\Program Files\dotnet\sdk\6.0.100\Extensions\Microsoft.TestPlatform.TestHostRuntimeProvider.dll
C:\Program Files\dotnet\sdk\6.0.100\Extensions\Microsoft.VisualStudio.TestPlatform.Extensions.Html.TestLogger.dll
C:\Program Files\dotnet\sdk\6.0.100\Extensions\Microsoft.VisualStudio.TestPlatform.Extensions.Trx.TestLogger.dll
TpTrace Verbose: 0 : 2772, 1, 2022/04/13, 22:10:04.880, 12318171499684, vstest.console.dll, TestPluginCache.GetExtensionPaths: Added unfilterableExtensionPaths: 
TpTrace Information: 0 : 2772, 1, 2022/04/13, 22:10:04.880, 12318171500703, vstest.console.dll, AssemblyResolver.AddSearchDirectories: Adding more searchDirectories C:\Program Files\dotnet\sdk\6.0.100\Extensions,C:\Program Files\dotnet\sdk\6.0.100
TpTrace Verbose: 0 : 2772, 1, 2022/04/13, 22:10:04.880, 12318171501003, vstest.console.dll, TestPluginCache.DiscoverTestExtensions: Discovering the extensions using extension path.
TpTrace Verbose: 0 : 2772, 1, 2022/04/13, 22:10:04.880, 12318171501242, vstest.console.dll, TestPluginCache.GetExtensionPaths: Filtered extension paths: 
TpTrace Verbose: 0 : 2772, 1, 2022/04/13, 22:10:04.880, 12318171501470, vstest.console.dll, TestPluginCache.GetExtensionPaths: Added default extension paths: C:\Program Files\dotnet\sdk\6.0.100\Extensions\Microsoft.Diagnostics.NETCore.Client.dll
C:\Program Files\dotnet\sdk\6.0.100\Extensions\Microsoft.TestPlatform.Extensions.BlameDataCollector.dll
C:\Program Files\dotnet\sdk\6.0.100\Extensions\Microsoft.TestPlatform.Extensions.EventLogCollector.dll
C:\Program Files\dotnet\sdk\6.0.100\Extensions\Microsoft.TestPlatform.TestHostRuntimeProvider.dll
C:\Program Files\dotnet\sdk\6.0.100\Extensions\Microsoft.VisualStudio.TestPlatform.Extensions.Html.TestLogger.dll
C:\Program Files\dotnet\sdk\6.0.100\Extensions\Microsoft.VisualStudio.TestPlatform.Extensions.Trx.TestLogger.dll
TpTrace Verbose: 0 : 2772, 1, 2022/04/13, 22:10:04.880, 12318171501662, vstest.console.dll, TestPluginCache.GetExtensionPaths: Added unfilterableExtensionPaths: 
TpTrace Verbose: 0 : 2772, 1, 2022/04/13, 22:10:04.880, 12318171501886, vstest.console.dll, TestPluginCache.DiscoverTestExtensions: Discovering the extensions using allExtensionPaths: C:\Program Files\dotnet\sdk\6.0.100\Extensions\Microsoft.Diagnostics.NETCore.Client.dll
C:\Program Files\dotnet\sdk\6.0.100\Extensions\Microsoft.TestPlatform.Extensions.BlameDataCollector.dll
C:\Program Files\dotnet\sdk\6.0.100\Extensions\Microsoft.TestPlatform.Extensions.EventLogCollector.dll
C:\Program Files\dotnet\sdk\6.0.100\Extensions\Microsoft.TestPlatform.TestHostRuntimeProvider.dll
C:\Program Files\dotnet\sdk\6.0.100\Extensions\Microsoft.VisualStudio.TestPlatform.Extensions.Html.TestLogger.dll
C:\Program Files\dotnet\sdk\6.0.100\Extensions\Microsoft.VisualStudio.TestPlatform.Extensions.Trx.TestLogger.dll
TpTrace Information: 0 : 2772, 1, 2022/04/13, 22:10:04.881, 12318171502197, vstest.console.dll, AssemblyResolver.AddSearchDirectories: Adding more searchDirectories C:\Program Files\dotnet\sdk\6.0.100\Extensions,C:\Program Files\dotnet\sdk\6.0.100
TpTrace Information: 0 : 2772, 1, 2022/04/13, 22:10:04.881, 12318171502465, vstest.console.dll, AssemblyResolver.AddSearchDirectories: Adding more searchDirectories C:\Program Files\dotnet\sdk\6.0.100\Extensions,C:\Program Files\dotnet\sdk\6.0.100
TpTrace Information: 0 : 2772, 1, 2022/04/13, 22:10:04.881, 12318171502663, vstest.console.dll, AssemblyResolver.AddSearchDirectories: Adding more searchDirectories C:\Program Files\dotnet\sdk\6.0.100\Extensions,C:\Program Files\dotnet\sdk\6.0.100
TpTrace Information: 0 : 2772, 1, 2022/04/13, 22:10:04.881, 12318171502852, vstest.console.dll, AssemblyResolver.AddSearchDirectories: Adding more searchDirectories C:\Program Files\dotnet\sdk\6.0.100\Extensions,C:\Program Files\dotnet\sdk\6.0.100
TpTrace Information: 0 : 2772, 1, 2022/04/13, 22:10:04.881, 12318171503070, vstest.console.dll, AssemblyResolver.AddSearchDirectories: Adding more searchDirectories C:\Program Files\dotnet\sdk\6.0.100\Extensions,C:\Program Files\dotnet\sdk\6.0.100
TpTrace Information: 0 : 2772, 1, 2022/04/13, 22:10:04.881, 12318171503263, vstest.console.dll, AssemblyResolver.AddSearchDirectories: Adding more searchDirectories C:\Program Files\dotnet\sdk\6.0.100\Extensions,C:\Program Files\dotnet\sdk\6.0.100
TpTrace Information: 0 : 2772, 1, 2022/04/13, 22:10:04.881, 12318171504757, vstest.console.dll, AssemblyResolver.OnResolve: Microsoft.Bcl.AsyncInterfaces: Resolving assembly.
TpTrace Information: 0 : 2772, 1, 2022/04/13, 22:10:04.881, 12318171505058, vstest.console.dll, AssemblyResolver.OnResolve: Microsoft.Bcl.AsyncInterfaces: Resolved from cache.
TpTrace Verbose: 0 : 2772, 1, 2022/04/13, 22:10:04.881, 12318171505300, vstest.console.dll, CurrentDomainAssemblyResolve: Resolving assembly 'Microsoft.Bcl.AsyncInterfaces'.
TpTrace Information: 0 : 2772, 1, 2022/04/13, 22:10:04.881, 12318171505604, vstest.console.dll, AssemblyResolver.OnResolve: Microsoft.Bcl.AsyncInterfaces: Resolving assembly.
TpTrace Information: 0 : 2772, 1, 2022/04/13, 22:10:04.881, 12318171505799, vstest.console.dll, AssemblyResolver.OnResolve: Microsoft.Bcl.AsyncInterfaces: Resolved from cache.
TpTrace Verbose: 0 : 2772, 1, 2022/04/13, 22:10:04.881, 12318171506037, vstest.console.dll, CurrentDomainAssemblyResolve: Resolving assembly 'Microsoft.Bcl.AsyncInterfaces'.
TpTrace Verbose: 0 : 2772, 1, 2022/04/13, 22:10:04.881, 12318171506222, vstest.console.dll, CurrentDomainAssemblyResolve: Failed to resolve assembly 'Microsoft.Bcl.AsyncInterfaces'.
TpTrace Verbose: 0 : 2772, 1, 2022/04/13, 22:10:04.881, 12318171507170, vstest.console.dll, CurrentDomainAssemblyResolve: Failed to resolve assembly 'Microsoft.Bcl.AsyncInterfaces'.
TpTrace Warning: 0 : 2772, 1, 2022/04/13, 22:10:04.881, 12318171509402, vstest.console.dll, TestPluginDiscoverer: Failed to get types from assembly 'Microsoft.Diagnostics.NETCore.Client, Version=0.2.4.21401, Culture=neutral, PublicKeyToken=31bf3856ad364e35'.  Skipping test extension scan for this assembly.  Error: System.Reflection.ReflectionTypeLoadException: Unable to load one or more of the requested types.
Could not load file or assembly 'Microsoft.Bcl.AsyncInterfaces, Version=1.0.0.0, Culture=neutral, PublicKeyToken=cc7b13ffcd2ddd51'. The system cannot find the file specified.
   at System.Reflection.RuntimeModule.GetTypes(RuntimeModule module)
   at System.Reflection.Assembly.GetTypes()
   at Microsoft.VisualStudio.TestPlatform.Common.ExtensionFramework.TestPluginDiscoverer.GetTestExtensionsFromAssembly[TPluginInfo,TExtension](Assembly assembly, Dictionary`2 pluginInfos)
System.IO.FileNotFoundException: Could not load file or assembly 'Microsoft.Bcl.AsyncInterfaces, Version=1.0.0.0, Culture=neutral, PublicKeyToken=cc7b13ffcd2ddd51'. The system cannot find the file specified.
File name: 'Microsoft.Bcl.AsyncInterfaces, Version=1.0.0.0, Culture=neutral, PublicKeyToken=cc7b13ffcd2ddd51'
 ---> System.IO.FileNotFoundException: Could not load file or assembly 'Microsoft.Bcl.AsyncInterfaces, Culture=neutral, PublicKeyToken=null'. The system cannot find the file specified.
File name: 'Microsoft.Bcl.AsyncInterfaces, Culture=neutral, PublicKeyToken=null'
   at System.Reflection.RuntimeAssembly.InternalLoad(ObjectHandleOnStack assemblyName, ObjectHandleOnStack requestingAssembly, StackCrawlMarkHandle stackMark, Boolean throwOnFileNotFound, ObjectHandleOnStack assemblyLoadContext, ObjectHandleOnStack retAssembly)
   at System.Reflection.RuntimeAssembly.InternalLoad(AssemblyName assemblyName, RuntimeAssembly requestingAssembly, StackCrawlMark& stackMark, Boolean throwOnFileNotFound, AssemblyLoadContext assemblyLoadContext)
   at System.Reflection.Assembly.Load(AssemblyName assemblyRef)
   at Microsoft.VisualStudio.TestPlatform.Common.ExtensionFramework.TestPluginCache.CurrentDomainAssemblyResolve(Object sender, AssemblyResolveEventArgs args)
   at Microsoft.VisualStudio.TestPlatform.PlatformAbstractions.PlatformAssemblyResolver.AssemblyResolverEvent(Object sender, Object eventArgs)
   at System.Runtime.Loader.AssemblyLoadContext.GetFirstResolvedAssemblyFromResolvingEvent(AssemblyName assemblyName)
   at System.Runtime.Loader.AssemblyLoadContext.ResolveUsingEvent(AssemblyName assemblyName)
   at System.Runtime.Loader.AssemblyLoadContext.ResolveUsingResolvingEvent(IntPtr gchManagedAssemblyLoadContext, AssemblyName assemblyName)
TpTrace Warning: 0 : 2772, 1, 2022/04/13, 22:10:04.881, 12318171510723, vstest.console.dll, LoaderExceptions: System.IO.FileNotFoundException: Could not load file or assembly 'Microsoft.Bcl.AsyncInterfaces, Version=1.0.0.0, Culture=neutral, PublicKeyToken=cc7b13ffcd2ddd51'. The system cannot find the file specified.
File name: 'Microsoft.Bcl.AsyncInterfaces, Version=1.0.0.0, Culture=neutral, PublicKeyToken=cc7b13ffcd2ddd51'
 ---> System.IO.FileNotFoundException: Could not load file or assembly 'Microsoft.Bcl.AsyncInterfaces, Culture=neutral, PublicKeyToken=null'. The system cannot find the file specified.
File name: 'Microsoft.Bcl.AsyncInterfaces, Culture=neutral, PublicKeyToken=null'
   at System.Reflection.RuntimeAssembly.InternalLoad(ObjectHandleOnStack assemblyName, ObjectHandleOnStack requestingAssembly, StackCrawlMarkHandle stackMark, Boolean throwOnFileNotFound, ObjectHandleOnStack assemblyLoadContext, ObjectHandleOnStack retAssembly)
   at System.Reflection.RuntimeAssembly.InternalLoad(AssemblyName assemblyName, RuntimeAssembly requestingAssembly, StackCrawlMark& stackMark, Boolean throwOnFileNotFound, AssemblyLoadContext assemblyLoadContext)
   at System.Reflection.Assembly.Load(AssemblyName assemblyRef)
   at Microsoft.VisualStudio.TestPlatform.Common.ExtensionFramework.TestPluginCache.CurrentDomainAssemblyResolve(Object sender, AssemblyResolveEventArgs args)
   at Microsoft.VisualStudio.TestPlatform.PlatformAbstractions.PlatformAssemblyResolver.AssemblyResolverEvent(Object sender, Object eventArgs)
   at System.Runtime.Loader.AssemblyLoadContext.GetFirstResolvedAssemblyFromResolvingEvent(AssemblyName assemblyName)
   at System.Runtime.Loader.AssemblyLoadContext.ResolveUsingEvent(AssemblyName assemblyName)
   at System.Runtime.Loader.AssemblyLoadContext.ResolveUsingResolvingEvent(IntPtr gchManagedAssemblyLoadContext, AssemblyName assemblyName)
TpTrace Verbose: 0 : 2772, 1, 2022/04/13, 22:10:04.882, 12318171513242, vstest.console.dll, TestPluginCache: Discovered the extensions using extension path ''.
TpTrace Verbose: 0 : 2772, 1, 2022/04/13, 22:10:04.882, 12318171513767, vstest.console.dll, TestPluginCache: Discoverers are ''.
TpTrace Verbose: 0 : 2772, 1, 2022/04/13, 22:10:04.882, 12318171513991, vstest.console.dll, TestPluginCache: Executors are ''.
TpTrace Verbose: 0 : 2772, 1, 2022/04/13, 22:10:04.882, 12318171514161, vstest.console.dll, TestPluginCache: Executors2 are ''.
TpTrace Verbose: 0 : 2772, 1, 2022/04/13, 22:10:04.882, 12318171514322, vstest.console.dll, TestPluginCache: Setting providers are ''.
TpTrace Verbose: 0 : 2772, 1, 2022/04/13, 22:10:04.882, 12318171514781, vstest.console.dll, TestPluginCache: Loggers are 'logger://Microsoft/TestPlatform/Extensions/Blame/v1,logger://Microsoft/TestPlatform/HtmlLogger/v1,logger://Microsoft/TestPlatform/TrxLogger/v1'.
TpTrace Information: 0 : 2772, 1, 2022/04/13, 22:10:04.882, 12318171519055, vstest.console.dll, TestPluginManager.CreateTestExtension: Attempting to load test extension: Microsoft.TestPlatform.Extensions.BlameDataCollector.BlameLogger
TpTrace Information: 0 : 2772, 1, 2022/04/13, 22:10:04.886, 12318171555723, vstest.console.dll, TestPluginManager.CreateTestExtension: Attempting to load test extension: Microsoft.VisualStudio.TestPlatform.CrossPlatEngine.Hosting.DefaultTestHostManager
TpTrace Information: 0 : 2772, 1, 2022/04/13, 22:10:04.886, 12318171557331, vstest.console.dll, TestPluginManager.CreateTestExtension: Attempting to load test extension: Microsoft.VisualStudio.TestPlatform.CrossPlatEngine.Hosting.DotnetTestHostManager
TpTrace Verbose: 0 : 2772, 1, 2022/04/13, 22:10:04.886, 12318171560902, vstest.console.dll, TestEngine: Initializing Parallel Execution as MaxCpuCount is set to: 1
TpTrace Information: 0 : 2772, 1, 2022/04/13, 22:10:04.887, 12318171564415, vstest.console.dll, InferRunSettingsHelper.IsTestSettingsEnabled: Unable to navigate to RunSettings/MSTest. Current node: RunSettings
TpTrace Verbose: 0 : 2772, 1, 2022/04/13, 22:10:04.895, 12318171647670, vstest.console.dll, TestRequestSender is acting as server
TpTrace Verbose: 0 : 2772, 5, 2022/04/13, 22:10:04.898, 12318171675945, vstest.console.dll, DataCollectionRequestSender.InitializeCommunication : Initialize communication. 
TpTrace Information: 0 : 2772, 5, 2022/04/13, 22:10:04.901, 12318171711433, vstest.console.dll, Listening on Endpoint : 127.0.0.1:57114
TpTrace Verbose: 0 : 2772, 5, 2022/04/13, 22:10:04.909, 12318171785043, vstest.console.dll, DotnetDataCollectionLauncher: Full path of dotnet.exe is C:\Program Files\dotnet\dotnet.exe
TpTrace Verbose: 0 : 2772, 5, 2022/04/13, 22:10:04.909, 12318171786639, vstest.console.dll, DotnetDataCollectionLauncher: Adding  --runtimeconfig "C:\Program Files\dotnet\sdk\6.0.100\datacollector.runtimeconfig.json" in args
TpTrace Verbose: 0 : 2772, 5, 2022/04/13, 22:10:04.909, 12318171787298, vstest.console.dll, DotnetDataCollectionLauncher: Adding  --depsfile "C:\Program Files\dotnet\sdk\6.0.100\datacollector.deps.json" in args
TpTrace Information: 0 : 2772, 5, 2022/04/13, 22:10:04.916, 12318171857117, vstest.console.dll, ProxyDataCollectionManager.Initialize: Launched datacollector processId: 17816 port: 57114
TpTrace Information: 0 : 2772, 5, 2022/04/13, 22:10:04.916, 12318171858809, vstest.console.dll, ProxyDataCollectionManager.Initialize: waiting for connection with timeout: 90 seconds
TpTrace Verbose: 0 : 2772, 5, 2022/04/13, 22:10:04.916, 12318171859206, vstest.console.dll, DataCollectionRequestSender.WaitForRequestHandlerConnection : Waiting for connection with timeout: 90000
TpTrace Information: 0 : 2772, 8, 2022/04/13, 22:10:04.998, 12318172676385, vstest.console.dll, Using the buffer size of 16384 bytes
TpTrace Verbose: 0 : 2772, 5, 2022/04/13, 22:10:04.998, 12318172676828, vstest.console.dll, ProxyDataCollectionManager.InvokeDataCollectionServiceAction: Starting.
TpTrace Information: 0 : 2772, 8, 2022/04/13, 22:10:04.998, 12318172677017, vstest.console.dll, Accepted Client request and set the flag
TpTrace Information: 0 : 2772, 5, 2022/04/13, 22:10:04.998, 12318172677593, vstest.console.dll, ProxyDataCollectionManager.BeforeTestRunStart: Get environment variable and port for datacollector processId: 17816 port: 57114
TpTrace Verbose: 0 : 2772, 5, 2022/04/13, 22:10:04.998, 12318172678790, vstest.console.dll, DataCollectionRequestSender.SendBeforeTestRunStartAndGetResult : Send BeforeTestRunStart message with settingsXml <RunSettings><RunConfiguration><ResultsDirectory>E:\Programming\FasterMate\FasterMate.Test\bin\Debug\net6.0\fine-code-coverage\coverage-tool-output</ResultsDirectory><TargetPlatform>X64</TargetPlatform><TargetFrameworkVersion>.NETCoreApp,Version=v6.0</TargetFrameworkVersion><DesignMode>False</DesignMode><CollectSourceInformation>False</CollectSourceInformation><TestAdaptersPaths>C:\Program Files\dotnet\sdk\6.0.100\Extensions</TestAdaptersPaths></RunConfiguration><LoggerRunSettings><Loggers><Logger friendlyName="blame" enabled="True" /><Logger friendlyName="Console" uri="logger://microsoft/TestPlatform/ConsoleLogger/v1" assemblyQualifiedName="Microsoft.VisualStudio.TestPlatform.CommandLine.Internal.ConsoleLogger, vstest.console, Version=15.0.0.0, Culture=neutral, PublicKeyToken=b03f5f7f11d50a3a" codeBase="C:\Program Files\dotnet\sdk\6.0.100\vstest.console.dll" enabled="True" /></Loggers></LoggerRunSettings><DataCollectionRunSettings><DataCollectors><DataCollector friendlyName="blame" enabled="True"><Configuration><ResultsDirectory>E:\Programming\FasterMate\FasterMate.Test\bin\Debug\net6.0\fine-code-coverage\coverage-tool-output</ResultsDirectory></Configuration></DataCollector></DataCollectors></DataCollectionRunSettings></RunSettings> and sources System.Linq.Enumerable+Concat2Iterator`1[System.String]: 
TpTrace Verbose: 0 : 2772, 5, 2022/04/13, 22:10:05.043, 12318173122111, vstest.console.dll, DataCollectionRequestSender.SendBeforeTestRunStartAndGetResult : Received message: (DataCollection.SendMessage) -> {
  "FriendlyName": null,
  "Uri": null,
  "TestCaseId": "00000000-0000-0000-0000-000000000000",
  "Message": "Logging DataCollector Diagnostics in file: E:\\Programming\\FasterMate\\FasterMate.Test\\bin\\Debug\\net6.0\\fine-code-coverage\\coverage-tool-output\\diagnostics.datacollector.22-04-13_22-10-04_90657_5.log",
  "Level": 0
}
TpTrace Verbose: 0 : 2772, 5, 2022/04/13, 22:10:05.092, 12318173621743, vstest.console.dll, DataCollectionRequestSender.SendBeforeTestRunStartAndGetResult : Received message: (DataCollection.BeforeTestRunStartResult) -> {
  "EnvironmentVariables": {},
  "DataCollectionEventsPort": 57116
}
TpTrace Information: 0 : 2772, 5, 2022/04/13, 22:10:05.096, 12318173658489, vstest.console.dll, ProxyDataCollectionManager.BeforeTestRunStart: SendBeforeTestRunStartAndGetResult successful, env variable from datacollector:   and testhost port: 57116
TpTrace Information: 0 : 2772, 5, 2022/04/13, 22:10:05.096, 12318173659098, vstest.console.dll, ProxyDataCollectionManager.InvokeDataCollectionServiceAction: Completed.
TpTrace Verbose: 0 : 2772, 1, 2022/04/13, 22:10:05.096, 12318173659945, vstest.console.dll, TestRunRequest.ExecuteAsync: Creating test run request.
TpTrace Verbose: 0 : 2772, 1, 2022/04/13, 22:10:05.096, 12318173661796, vstest.console.dll, TestRunRequest.ExecuteAsync: Starting.
TpTrace Information: 0 : 2772, 1, 2022/04/13, 22:10:05.097, 12318173664037, vstest.console.dll, TestRunRequest.ExecuteAsync: Starting run with settings:TestRunCriteria:
   KeepAlive=False,FrequencyOfRunStatsChangeEvent=10,RunStatsChangeEventTimeout=00:00:01.5000000,TestCaseFilter=,TestExecutorLauncher=
   Settingsxml=<RunSettings>
  <RunConfiguration>
    <ResultsDirectory>E:\Programming\FasterMate\FasterMate.Test\bin\Debug\net6.0\fine-code-coverage\coverage-tool-output</ResultsDirectory>
    <TargetPlatform>X64</TargetPlatform>
    <TargetFrameworkVersion>.NETCoreApp,Version=v6.0</TargetFrameworkVersion>
    <DesignMode>False</DesignMode>
    <CollectSourceInformation>False</CollectSourceInformation>
  </RunConfiguration>
  <LoggerRunSettings>
    <Loggers>
      <Logger friendlyName="blame" enabled="True" />
      <Logger friendlyName="Console" uri="logger://microsoft/TestPlatform/ConsoleLogger/v1" assemblyQualifiedName="Microsoft.VisualStudio.TestPlatform.CommandLine.Internal.ConsoleLogger, vstest.console, Version=15.0.0.0, Culture=neutral, PublicKeyToken=b03f5f7f11d50a3a" codeBase="C:\Program Files\dotnet\sdk\6.0.100\vstest.console.dll" enabled="True" />
    </Loggers>
  </LoggerRunSettings>
  <DataCollectionRunSettings>
    <DataCollectors>
      <DataCollector friendlyName="blame" enabled="True">
        <Configuration>
          <ResultsDirectory>E:\Programming\FasterMate\FasterMate.Test\bin\Debug\net6.0\fine-code-coverage\coverage-tool-output</ResultsDirectory>
        </Configuration>
      </DataCollector>
    </DataCollectors>
  </DataCollectionRunSettings>
</RunSettings>

TpTrace Verbose: 0 : 2772, 1, 2022/04/13, 22:10:05.097, 12318173664835, vstest.console.dll, TestRunRequest.ExecuteAsync: Wait for the first run request is over.
TpTrace Verbose: 0 : 2772, 1, 2022/04/13, 22:10:05.097, 12318173667623, vstest.console.dll, ParallelProxyExecutionManager: Start execution. Total sources: 1
TpTrace Information: 0 : 2772, 1, 2022/04/13, 22:10:05.097, 12318173671451, vstest.console.dll, ProxyParallelExecutionManager: Triggering test run for next source: E:\Programming\FasterMate\FasterMate.Test\bin\Debug\net6.0\fine-code-coverage\build-output\FasterMate.Test.dll
TpTrace Verbose: 0 : 2772, 1, 2022/04/13, 22:10:05.098, 12318173672649, vstest.console.dll, ProxyParallelExecutionManager: No sources available for execution.
TpTrace Verbose: 0 : 2772, 5, 2022/04/13, 22:10:05.098, 12318173672856, vstest.console.dll, ParallelProxyExecutionManager: Execution started. Started clients: 1
TpTrace Information: 0 : 2772, 1, 2022/04/13, 22:10:05.098, 12318173672938, vstest.console.dll, TestRunRequest.ExecuteAsync: Started.
TpTrace Verbose: 0 : 2772, 1, 2022/04/13, 22:10:05.098, 12318173673741, vstest.console.dll, TestRunRequest.WaitForCompletion: Waiting with timeout -1.
TpTrace Verbose: 0 : 2772, 5, 2022/04/13, 22:10:05.098, 12318173674931, vstest.console.dll, TestRunRequest:SendTestRunMessage: Starting.
TpTrace Information: 0 : 2772, 5, 2022/04/13, 22:10:05.098, 12318173675610, vstest.console.dll, TestRunRequest:SendTestRunMessage: Completed.
TpTrace Verbose: 0 : 2772, 5, 2022/04/13, 22:10:05.098, 12318173677011, vstest.console.dll, ProxyExecutionManager: Test host is always Lazy initialize.
TpTrace Verbose: 0 : 2772, 5, 2022/04/13, 22:10:05.098, 12318173678594, vstest.console.dll, TestRequestSender.InitializeCommunication: initialize communication. 
TpTrace Information: 0 : 2772, 5, 2022/04/13, 22:10:05.098, 12318173681915, vstest.console.dll, SocketServer.Start: Listening on endpoint : 127.0.0.1:57117
TpTrace Verbose: 0 : 2772, 5, 2022/04/13, 22:10:05.099, 12318173686279, vstest.console.dll, DotnetTestHostmanager: Adding  --runtimeconfig "E:\Programming\FasterMate\FasterMate.Test\bin\Debug\net6.0\fine-code-coverage\build-output\FasterMate.Test.runtimeconfig.json" in args
TpTrace Verbose: 0 : 2772, 5, 2022/04/13, 22:10:05.099, 12318173686702, vstest.console.dll, DotnetTestHostmanager: Adding  --depsfile "E:\Programming\FasterMate\FasterMate.Test\bin\Debug\net6.0\fine-code-coverage\build-output\FasterMate.Test.deps.json" in args
TpTrace Verbose: 0 : 2772, 5, 2022/04/13, 22:10:05.099, 12318173687839, vstest.console.dll, DotnetTestHostManager: Testhost.exe/testhost.x86.exe found at path: E:\Programming\FasterMate\FasterMate.Test\bin\Debug\net6.0\fine-code-coverage\build-output\testhost.exe
TpTrace Verbose: 0 : 2772, 5, 2022/04/13, 22:10:05.099, 12318173688181, vstest.console.dll, DotnetTestHostmanager: Full path of host exe is E:\Programming\FasterMate\FasterMate.Test\bin\Debug\net6.0\fine-code-coverage\build-output\testhost.exe
TpTrace Verbose: 0 : 2772, 7, 2022/04/13, 22:10:05.100, 12318173693366, vstest.console.dll, DotnetTestHostManager: Starting process 'E:\Programming\FasterMate\FasterMate.Test\bin\Debug\net6.0\fine-code-coverage\build-output\testhost.exe' with command line ' --runtimeconfig "E:\Programming\FasterMate\FasterMate.Test\bin\Debug\net6.0\fine-code-coverage\build-output\FasterMate.Test.runtimeconfig.json" --depsfile "E:\Programming\FasterMate\FasterMate.Test\bin\Debug\net6.0\fine-code-coverage\build-output\FasterMate.Test.deps.json" --port 57117 --endpoint 127.0.0.1:057117 --role client --parentprocessid 2772 --diag "E:\Programming\FasterMate\FasterMate.Test\bin\Debug\net6.0\fine-code-coverage\coverage-tool-output\diagnostics.host.22-04-13_22-10-05_09919_5.log" --tracelevel 4 --datacollectionport 57116 --telemetryoptedin false'
TpTrace Verbose: 0 : 2772, 7, 2022/04/13, 22:10:05.106, 12318173760281, vstest.console.dll, Test Runtime launched
TpTrace Verbose: 0 : 2772, 5, 2022/04/13, 22:10:05.107, 12318173764324, vstest.console.dll, TestRequestSender.WaitForRequestHandlerConnection: waiting for connection with timeout: 90000
TpTrace Verbose: 0 : 2772, 7, 2022/04/13, 22:10:05.199, 12318174687683, vstest.console.dll, SocketServer.OnClientConnected: Client connected for endPoint: 127.0.0.1:57117, starting MessageLoopAsync:
TpTrace Verbose: 0 : 2772, 14, 2022/04/13, 22:10:05.199, 12318174689859, vstest.console.dll, TcpClientExtensions.MessageLoopAsync: Polling on remoteEndPoint: 127.0.0.1:57118 localEndPoint: 127.0.0.1:57117
TpTrace Verbose: 0 : 2772, 14, 2022/04/13, 22:10:05.294, 12318175640971, vstest.console.dll, TcpClientExtensions.MessageLoopAsync: NotifyDataAvailable remoteEndPoint: 127.0.0.1:57118 localEndPoint: 127.0.0.1:57117
TpTrace Verbose: 0 : 2772, 14, 2022/04/13, 22:10:05.295, 12318175642389, vstest.console.dll, TestRequestSender.CheckVersionWithTestHost: onMessageReceived received message: (ProtocolVersion) -> 5
TpTrace Verbose: 0 : 2772, 14, 2022/04/13, 22:10:05.295, 12318175644509, vstest.console.dll, TcpClientExtensions.MessageLoopAsync: Polling on remoteEndPoint: 127.0.0.1:57118 localEndPoint: 127.0.0.1:57117
TpTrace Verbose: 0 : 2772, 5, 2022/04/13, 22:10:05.295, 12318175645302, vstest.console.dll, TestPluginCache.GetExtensionPaths: Filtered extension paths: 
TpTrace Verbose: 0 : 2772, 5, 2022/04/13, 22:10:05.295, 12318175645696, vstest.console.dll, TestPluginCache.GetExtensionPaths: Added default extension paths: C:\Program Files\dotnet\sdk\6.0.100\Extensions\Microsoft.Diagnostics.NETCore.Client.dll
C:\Program Files\dotnet\sdk\6.0.100\Extensions\Microsoft.TestPlatform.Extensions.BlameDataCollector.dll
C:\Program Files\dotnet\sdk\6.0.100\Extensions\Microsoft.TestPlatform.Extensions.EventLogCollector.dll
C:\Program Files\dotnet\sdk\6.0.100\Extensions\Microsoft.TestPlatform.TestHostRuntimeProvider.dll
C:\Program Files\dotnet\sdk\6.0.100\Extensions\Microsoft.VisualStudio.TestPlatform.Extensions.Html.TestLogger.dll
C:\Program Files\dotnet\sdk\6.0.100\Extensions\Microsoft.VisualStudio.TestPlatform.Extensions.Trx.TestLogger.dll
TpTrace Verbose: 0 : 2772, 5, 2022/04/13, 22:10:05.295, 12318175645901, vstest.console.dll, TestPluginCache.GetExtensionPaths: Added unfilterableExtensionPaths: 
TpTrace Verbose: 0 : 2772, 5, 2022/04/13, 22:10:05.297, 12318175666533, vstest.console.dll, TestRequestSender.InitializeExecution: Sending initializing execution with message: {"Version":5,"MessageType":"TestExecution.Initialize","Payload":["E:\\Programming\\FasterMate\\FasterMate.Test\\bin\\Debug\\net6.0\\fine-code-coverage\\build-output\\NUnit3.TestAdapter.dll"]}
TpTrace Verbose: 0 : 2772, 14, 2022/04/13, 22:10:05.301, 12318175708273, vstest.console.dll, TcpClientExtensions.MessageLoopAsync: NotifyDataAvailable remoteEndPoint: 127.0.0.1:57118 localEndPoint: 127.0.0.1:57117
TpTrace Verbose: 0 : 2772, 14, 2022/04/13, 22:10:05.301, 12318175708949, vstest.console.dll, TestRequestSender.OnExecutionMessageReceived: Received message: {"Version":5,"MessageType":"TestSession.Message","Payload":{"MessageLevel":0,"Message":"Logging TestHost Diagnostics in file: E:\\Programming\\FasterMate\\FasterMate.Test\\bin\\Debug\\net6.0\\fine-code-coverage\\coverage-tool-output\\diagnostics.host.22-04-13_22-10-05_09919_5.log"}}
TpTrace Verbose: 0 : 2772, 5, 2022/04/13, 22:10:05.302, 12318175714813, vstest.console.dll, TestRequestSender.StartTestRun: Sending test run with message: {"Version":5,"MessageType":"TestExecution.StartWithSources","Payload":{"AdapterSourceMap":{"_none_":["E:\\Programming\\FasterMate\\FasterMate.Test\\bin\\Debug\\net6.0\\fine-code-coverage\\build-output\\FasterMate.Test.dll"]},"RunSettings":"<RunSettings>\r\n  <RunConfiguration>\r\n    <ResultsDirectory>E:\\Programming\\FasterMate\\FasterMate.Test\\bin\\Debug\\net6.0\\fine-code-coverage\\coverage-tool-output</ResultsDirectory>\r\n    <TargetPlatform>X64</TargetPlatform>\r\n    <TargetFrameworkVersion>.NETCoreApp,Version=v6.0</TargetFrameworkVersion>\r\n    <DesignMode>False</DesignMode>\r\n    <CollectSourceInformation>False</CollectSourceInformation>\r\n  </RunConfiguration>\r\n  <LoggerRunSettings>\r\n    <Loggers>\r\n      <Logger friendlyName=\"blame\" enabled=\"True\" />\r\n      <Logger friendlyName=\"Console\" uri=\"logger://microsoft/TestPlatform/ConsoleLogger/v1\" assemblyQualifiedName=\"Microsoft.VisualStudio.TestPlatform.CommandLine.Internal.ConsoleLogger, vstest.console, Version=15.0.0.0, Culture=neutral, PublicKeyToken=b03f5f7f11d50a3a\" codeBase=\"C:\\Program Files\\dotnet\\sdk\\6.0.100\\vstest.console.dll\" enabled=\"True\" />\r\n    </Loggers>\r\n  </LoggerRunSettings>\r\n  <DataCollectionRunSettings>\r\n    <DataCollectors>\r\n      <DataCollector friendlyName=\"blame\" enabled=\"True\">\r\n        <Configuration>\r\n          <ResultsDirectory>E:\\Programming\\FasterMate\\FasterMate.Test\\bin\\Debug\\net6.0\\fine-code-coverage\\coverage-tool-output</ResultsDirectory>\r\n        </Configuration>\r\n      </DataCollector>\r\n    </DataCollectors>\r\n  </DataCollectionRunSettings>\r\n</RunSettings>","TestExecutionContext":{"FrequencyOfRunStatsChangeEvent":10,"RunStatsChangeEventTimeout":"00:00:01.5000000","InIsolation":false,"KeepAlive":false,"AreTestCaseLevelEventsRequired":false,"IsDebug":false,"TestCaseFilter":null,"FilterOptions":null},"Package":null}}
TpTrace Verbose: 0 : 2772, 14, 2022/04/13, 22:10:05.302, 12318175720926, vstest.console.dll, TestRunRequest:SendTestRunMessage: Starting.
TpTrace Information: 0 : 2772, 14, 2022/04/13, 22:10:05.302, 12318175721392, vstest.console.dll, TestRunRequest:SendTestRunMessage: Completed.
TpTrace Verbose: 0 : 2772, 14, 2022/04/13, 22:10:05.302, 12318175721613, vstest.console.dll, TcpClientExtensions.MessageLoopAsync: Polling on remoteEndPoint: 127.0.0.1:57118 localEndPoint: 127.0.0.1:57117
TpTrace Verbose: 0 : 2772, 14, 2022/04/13, 22:10:05.415, 12318176846854, vstest.console.dll, TcpClientExtensions.MessageLoopAsync: NotifyDataAvailable remoteEndPoint: 127.0.0.1:57118 localEndPoint: 127.0.0.1:57117
TpTrace Verbose: 0 : 2772, 14, 2022/04/13, 22:10:05.415, 12318176847647, vstest.console.dll, TestRequestSender.OnExecutionMessageReceived: Received message: {"Version":5,"MessageType":"TestSession.Message","Payload":{"MessageLevel":0,"Message":"NUnit Adapter 4.0.0.0: Test execution started"}}
TpTrace Verbose: 0 : 2772, 14, 2022/04/13, 22:10:05.415, 12318176848957, vstest.console.dll, TestRunRequest:SendTestRunMessage: Starting.
TpTrace Information: 0 : 2772, 14, 2022/04/13, 22:10:05.415, 12318176849526, vstest.console.dll, TestRunRequest:SendTestRunMessage: Completed.
TpTrace Verbose: 0 : 2772, 14, 2022/04/13, 22:10:05.415, 12318176849734, vstest.console.dll, TcpClientExtensions.MessageLoopAsync: Polling on remoteEndPoint: 127.0.0.1:57118 localEndPoint: 127.0.0.1:57117
TpTrace Verbose: 0 : 2772, 14, 2022/04/13, 22:10:05.436, 12318177061867, vstest.console.dll, TcpClientExtensions.MessageLoopAsync: NotifyDataAvailable remoteEndPoint: 127.0.0.1:57118 localEndPoint: 127.0.0.1:57117
TpTrace Verbose: 0 : 2772, 14, 2022/04/13, 22:10:05.437, 12318177062618, vstest.console.dll, TestRequestSender.OnExecutionMessageReceived: Received message: {"Version":5,"MessageType":"TestSession.Message","Payload":{"MessageLevel":0,"Message":"Running all tests in E:\\Programming\\FasterMate\\FasterMate.Test\\bin\\Debug\\net6.0\\fine-code-coverage\\build-output\\FasterMate.Test.dll"}}
TpTrace Verbose: 0 : 2772, 14, 2022/04/13, 22:10:05.437, 12318177063814, vstest.console.dll, TestRunRequest:SendTestRunMessage: Starting.
TpTrace Information: 0 : 2772, 14, 2022/04/13, 22:10:05.437, 12318177064191, vstest.console.dll, TestRunRequest:SendTestRunMessage: Completed.
TpTrace Verbose: 0 : 2772, 14, 2022/04/13, 22:10:05.437, 12318177064424, vstest.console.dll, TcpClientExtensions.MessageLoopAsync: Polling on remoteEndPoint: 127.0.0.1:57118 localEndPoint: 127.0.0.1:57117
TpTrace Verbose: 0 : 2772, 14, 2022/04/13, 22:10:05.567, 12318178368607, vstest.console.dll, TcpClientExtensions.MessageLoopAsync: NotifyDataAvailable remoteEndPoint: 127.0.0.1:57118 localEndPoint: 127.0.0.1:57117
TpTrace Verbose: 0 : 2772, 14, 2022/04/13, 22:10:05.567, 12318178369559, vstest.console.dll, TestRequestSender.OnExecutionMessageReceived: Received message: {"Version":5,"MessageType":"TestSession.Message","Payload":{"MessageLevel":0,"Message":"   NUnit3TestExecutor discovered 14 of 14 NUnit test cases using Current Discovery mode, Non-Explicit run"}}
TpTrace Verbose: 0 : 2772, 14, 2022/04/13, 22:10:05.567, 12318178370967, vstest.console.dll, TestRunRequest:SendTestRunMessage: Starting.
TpTrace Information: 0 : 2772, 14, 2022/04/13, 22:10:05.567, 12318178371394, vstest.console.dll, TestRunRequest:SendTestRunMessage: Completed.
TpTrace Verbose: 0 : 2772, 14, 2022/04/13, 22:10:05.567, 12318178371629, vstest.console.dll, TcpClientExtensions.MessageLoopAsync: Polling on remoteEndPoint: 127.0.0.1:57118 localEndPoint: 127.0.0.1:57117
TpTrace Verbose: 0 : 2772, 14, 2022/04/13, 22:10:06.576, 12318188455644, vstest.console.dll, TcpClientExtensions.MessageLoopAsync: Polling on remoteEndPoint: 127.0.0.1:57118 localEndPoint: 127.0.0.1:57117
TpTrace Verbose: 0 : 2772, 14, 2022/04/13, 22:10:06.879, 12318191485790, vstest.console.dll, TcpClientExtensions.MessageLoopAsync: NotifyDataAvailable remoteEndPoint: 127.0.0.1:57118 localEndPoint: 127.0.0.1:57117
TpTrace Verbose: 0 : 2772, 14, 2022/04/13, 22:10:06.879, 12318191487698, vstest.console.dll, TestRequestSender.OnExecutionMessageReceived: Received message: {"Version":5,"MessageType":"TestExecution.StatsChange","Payload":{"NewTestResults":[{"TestCase":{"Id":"2e42d41a-fd03-6dbe-e2ac-f2ef2a144069","FullyQualifiedName":"FasterMate.Test.ProfileServiceTest.CreateMustBeSuccessfully","DisplayName":"CreateMustBeSuccessfully","ExecutorUri":"executor://NUnit3TestExecutor","Source":"E:\\Programming\\FasterMate\\FasterMate.Test\\bin\\Debug\\net6.0\\fine-code-coverage\\build-output\\FasterMate.Test.dll","CodeFilePath":null,"LineNumber":0,"Properties":[{"Key":{"Id":"NUnit.Seed","Label":"Seed","Category":"","Description":"","Attributes":0,"ValueType":"System.String"},"Value":"566915105"}]},"Attachments":[],"Outcome":1,"ErrorMessage":null,"ErrorStackTrace":null,"DisplayName":"CreateMustBeSuccessfully","Messages":[],"ComputerName":"DESKTOP-J9T9LVF","Duration":"00:00:01.1636520","StartTime":"2022-04-13T19:10:05.5878169+00:00","EndTime":"2022-04-13T19:10:06.7514029+00:00","Properties":[{"Key":{"Id":"NUnit.Seed","Label":"Seed","Category":"","Description":"","Attributes":0,"ValueType":"System.String"},"Value":"566915105"}]},{"TestCase":{"Id":"5c08d1f3-4edc-40ce-0ca0-53ce857f8900","FullyQualifiedName":"FasterMate.Test.ProfileServiceTest.CreateMustThrowAEWhenCountryIsNotValid","DisplayName":"CreateMustThrowAEWhenCountryIsNotValid","ExecutorUri":"executor://NUnit3TestExecutor","Source":"E:\\Programming\\FasterMate\\FasterMate.Test\\bin\\Debug\\net6.0\\fine-code-coverage\\build-output\\FasterMate.Test.dll","CodeFilePath":null,"LineNumber":0,"Properties":[{"Key":{"Id":"NUnit.Seed","Label":"Seed","Category":"","Description":"","Attributes":0,"ValueType":"System.String"},"Value":"1497713251"}]},"Attachments":[],"Outcome":1,"ErrorMessage":null,"ErrorStackTrace":null,"DisplayName":"CreateMustThrowAEWhenCountryIsNotValid","Messages":[],"ComputerName":"DESKTOP-J9T9LVF","Duration":"00:00:00.0480570","StartTime":"2022-04-13T19:10:06.7526294+00:00","EndTime":"2022-04-13T19:10:06.8006865+00:00","Properties":[{"Key":{"Id":"NUnit.Seed","Label":"Seed","Category":"","Description":"","Attributes":0,"ValueType":"System.String"},"Value":"1497713251"}]},{"TestCase":{"Id":"021498fa-d569-ee29-a02d-f01a6bc26d21","FullyQualifiedName":"FasterMate.Test.ProfileServiceTest.CreateMustThrowAEWhenDateIsNotValid","DisplayName":"CreateMustThrowAEWhenDateIsNotValid","ExecutorUri":"executor://NUnit3TestExecutor","Source":"E:\\Programming\\FasterMate\\FasterMate.Test\\bin\\Debug\\net6.0\\fine-code-coverage\\build-output\\FasterMate.Test.dll","CodeFilePath":null,"LineNumber":0,"Properties":[{"Key":{"Id":"NUnit.Seed","Label":"Seed","Category":"","Description":"","Attributes":0,"ValueType":"System.String"},"Value":"1692224197"}]},"Attachments":[],"Outcome":1,"ErrorMessage":null,"ErrorStackTrace":null,"DisplayName":"CreateMustThrowAEWhenDateIsNotValid","Messages":[],"ComputerName":"DESKTOP-J9T9LVF","Duration":"00:00:00.0135300","StartTime":"2022-04-13T19:10:06.8007084+00:00","EndTime":"2022-04-13T19:10:06.8142388+00:00","Properties":[{"Key":{"Id":"NUnit.Seed","Label":"Seed","Category":"","Description":"","Attributes":0,"ValueType":"System.String"},"Value":"1692224197"}]},{"TestCase":{"Id":"1b49abff-e310-cbd8-9639-32189e1e73d3","FullyQualifiedName":"FasterMate.Test.ProfileServiceTest.CreateMustThrowAEWhenGenderIsNotValid","DisplayName":"CreateMustThrowAEWhenGenderIsNotValid","ExecutorUri":"executor://NUnit3TestExecutor","Source":"E:\\Programming\\FasterMate\\FasterMate.Test\\bin\\Debug\\net6.0\\fine-code-coverage\\build-output\\FasterMate.Test.dll","CodeFilePath":null,"LineNumber":0,"Properties":[{"Key":{"Id":"NUnit.Seed","Label":"Seed","Category":"","Description":"","Attributes":0,"ValueType":"System.String"},"Value":"1766526622"}]},"Attachments":[],"Outcome":1,"ErrorMessage":null,"ErrorStackTrace":null,"DisplayName":"CreateMustThrowAEWhenGenderIsNotValid","Messages":[],"ComputerName":"DESKTOP-J9T9LVF","Duration":"00:00:00.0097790","StartTime":"2022-04-13T19:10:06.8142544+00:00","EndTime":"2022-04-13T19:10:06.8240333+00:00","Properties":[{"Key":{"Id":"NUnit.Seed","Label":"Seed","Category":"","Description":"","Attributes":0,"ValueType":"System.String"},"Value":"1766526622"}]},{"TestCase":{"Id":"fc40cbc5-10c5-da69-a7cc-8acf320e3a2d","FullyQualifiedName":"FasterMate.Test.ProfileServiceTest.FollowUserSuccessfully","DisplayName":"FollowUserSuccessfully","ExecutorUri":"executor://NUnit3TestExecutor","Source":"E:\\Programming\\FasterMate\\FasterMate.Test\\bin\\Debug\\net6.0\\fine-code-coverage\\build-output\\FasterMate.Test.dll","CodeFilePath":null,"LineNumber":0,"Properties":[{"Key":{"Id":"NUnit.Seed","Label":"Seed","Category":"","Description":"","Attributes":0,"ValueType":"System.String"},"Value":"2017450806"}]},"Attachments":[],"Outcome":1,"ErrorMessage":null,"ErrorStackTrace":null,"DisplayName":"FollowUserSuccessfully","Messages":[],"ComputerName":"DESKTOP-J9T9LVF","Duration":"00:00:00.0288720","StartTime":"2022-04-13T19:10:06.824047+00:00","EndTime":"2022-04-13T19:10:06.8529191+00:00","Properties":[{"Key":{"Id":"NUnit.Seed","Label":"Seed","Category":"","Description":"","Attributes":0,"ValueType":"System.String"},"Value":"2017450806"}]}],"TestRunStatistics":{"ExecutedTests":5,"Stats":{"Passed":5}},"ActiveTests":[{"Id":"1bd0740b-b82c-b8ec-d9d7-981dddb0a1d2","FullyQualifiedName":"FasterMate.Test.ProfileServiceTest.GetEditProfileSuccessfully","DisplayName":"GetEditProfileSuccessfully","ExecutorUri":"executor://NUnit3TestExecutor","Source":"E:\\Programming\\FasterMate\\FasterMate.Test\\bin\\Debug\\net6.0\\fine-code-coverage\\build-output\\FasterMate.Test.dll","CodeFilePath":null,"LineNumber":0,"Properties":[{"Key":{"Id":"NUnit.Seed","Label":"Seed","Category":"","Description":"","Attributes":0,"ValueType":"System.String"},"Value":"778488100"}]}]}}
TpTrace Verbose: 0 : 2772, 14, 2022/04/13, 22:10:06.898, 12318191678950, vstest.console.dll, TestRunRequest:SendTestRunStatsChange: Starting.
TpTrace Verbose: 0 : 2772, 14, 2022/04/13, 22:10:06.898, 12318191679869, vstest.console.dll, InProgress is GetEditProfileSuccessfully
TpTrace Information: 0 : 2772, 14, 2022/04/13, 22:10:06.898, 12318191681075, vstest.console.dll, TestRunRequest:SendTestRunStatsChange: Completed.
TpTrace Verbose: 0 : 2772, 14, 2022/04/13, 22:10:06.898, 12318191681399, vstest.console.dll, TcpClientExtensions.MessageLoopAsync: Polling on remoteEndPoint: 127.0.0.1:57118 localEndPoint: 127.0.0.1:57117
TpTrace Verbose: 0 : 2772, 14, 2022/04/13, 22:10:07.079, 12318193491947, vstest.console.dll, TcpClientExtensions.MessageLoopAsync: NotifyDataAvailable remoteEndPoint: 127.0.0.1:57118 localEndPoint: 127.0.0.1:57117
TpTrace Verbose: 0 : 2772, 14, 2022/04/13, 22:10:07.080, 12318193492840, vstest.console.dll, TestRequestSender.OnExecutionMessageReceived: Received message: {"Version":5,"MessageType":"TestSession.Message","Payload":{"MessageLevel":0,"Message":"NUnit Adapter 4.0.0.0: Test execution complete"}}
TpTrace Verbose: 0 : 2772, 14, 2022/04/13, 22:10:07.080, 12318193494181, vstest.console.dll, TestRunRequest:SendTestRunMessage: Starting.
TpTrace Information: 0 : 2772, 14, 2022/04/13, 22:10:07.080, 12318193494636, vstest.console.dll, TestRunRequest:SendTestRunMessage: Completed.
TpTrace Verbose: 0 : 2772, 14, 2022/04/13, 22:10:07.080, 12318193494857, vstest.console.dll, TcpClientExtensions.MessageLoopAsync: Polling on remoteEndPoint: 127.0.0.1:57118 localEndPoint: 127.0.0.1:57117
TpTrace Verbose: 0 : 2772, 14, 2022/04/13, 22:10:07.090, 12318193595523, vstest.console.dll, TcpClientExtensions.MessageLoopAsync: NotifyDataAvailable remoteEndPoint: 127.0.0.1:57118 localEndPoint: 127.0.0.1:57117
TpTrace Verbose: 0 : 2772, 14, 2022/04/13, 22:10:07.090, 12318193596852, vstest.console.dll, TestRequestSender.OnExecutionMessageReceived: Received message: {"Version":5,"MessageType":"TestExecution.Completed","Payload":{"TestRunCompleteArgs":{"TestRunStatistics":{"ExecutedTests":14,"Stats":{"Passed":14}},"IsCanceled":false,"IsAborted":false,"Error":null,"AttachmentSets":[],"ElapsedTimeInRunningTests":"00:00:01.6795508","Metrics":{}},"LastRunTests":{"NewTestResults":[{"TestCase":{"Id":"1bd0740b-b82c-b8ec-d9d7-981dddb0a1d2","FullyQualifiedName":"FasterMate.Test.ProfileServiceTest.GetEditProfileSuccessfully","DisplayName":"GetEditProfileSuccessfully","ExecutorUri":"executor://NUnit3TestExecutor","Source":"E:\\Programming\\FasterMate\\FasterMate.Test\\bin\\Debug\\net6.0\\fine-code-coverage\\build-output\\FasterMate.Test.dll","CodeFilePath":null,"LineNumber":0,"Properties":[{"Key":{"Id":"NUnit.Seed","Label":"Seed","Category":"","Description":"","Attributes":0,"ValueType":"System.String"},"Value":"778488100"}]},"Attachments":[],"Outcome":1,"ErrorMessage":null,"ErrorStackTrace":null,"DisplayName":"GetEditProfileSuccessfully","Messages":[],"ComputerName":"DESKTOP-J9T9LVF","Duration":"00:00:00.0156860","StartTime":"2022-04-13T19:10:06.8529353+00:00","EndTime":"2022-04-13T19:10:06.8686213+00:00","Properties":[{"Key":{"Id":"NUnit.Seed","Label":"Seed","Category":"","Description":"","Attributes":0,"ValueType":"System.String"},"Value":"778488100"}]},{"TestCase":{"Id":"a928f508-f948-4522-418c-19dadabbbf83","FullyQualifiedName":"FasterMate.Test.ProfileServiceTest.GetRenderProfileSuccessfully","DisplayName":"GetRenderProfileSuccessfully","ExecutorUri":"executor://NUnit3TestExecutor","Source":"E:\\Programming\\FasterMate\\FasterMate.Test\\bin\\Debug\\net6.0\\fine-code-coverage\\build-output\\FasterMate.Test.dll","CodeFilePath":null,"LineNumber":0,"Properties":[{"Key":{"Id":"NUnit.Seed","Label":"Seed","Category":"","Description":"","Attributes":0,"ValueType":"System.String"},"Value":"159262947"}]},"Attachments":[],"Outcome":1,"ErrorMessage":null,"ErrorStackTrace":null,"DisplayName":"GetRenderProfileSuccessfully","Messages":[],"ComputerName":"DESKTOP-J9T9LVF","Duration":"00:00:00.0967170","StartTime":"2022-04-13T19:10:06.8686342+00:00","EndTime":"2022-04-13T19:10:06.9653516+00:00","Properties":[{"Key":{"Id":"NUnit.Seed","Label":"Seed","Category":"","Description":"","Attributes":0,"ValueType":"System.String"},"Value":"159262947"}]},{"TestCase":{"Id":"42cfd10a-cf47-f039-bc1f-f142cf82a493","FullyQualifiedName":"FasterMate.Test.ProfileServiceTest.GetUserByProfileIdSuccessfully","DisplayName":"GetUserByProfileIdSuccessfully","ExecutorUri":"executor://NUnit3TestExecutor","Source":"E:\\Programming\\FasterMate\\FasterMate.Test\\bin\\Debug\\net6.0\\fine-code-coverage\\build-output\\FasterMate.Test.dll","CodeFilePath":null,"LineNumber":0,"Properties":[{"Key":{"Id":"NUnit.Seed","Label":"Seed","Category":"","Description":"","Attributes":0,"ValueType":"System.String"},"Value":"1465727884"}]},"Attachments":[],"Outcome":1,"ErrorMessage":null,"ErrorStackTrace":null,"DisplayName":"GetUserByProfileIdSuccessfully","Messages":[],"ComputerName":"DESKTOP-J9T9LVF","Duration":"00:00:00.0141700","StartTime":"2022-04-13T19:10:06.9653673+00:00","EndTime":"2022-04-13T19:10:06.979537+00:00","Properties":[{"Key":{"Id":"NUnit.Seed","Label":"Seed","Category":"","Description":"","Attributes":0,"ValueType":"System.String"},"Value":"1465727884"}]},{"TestCase":{"Id":"110d33cf-920c-ee00-83fe-ebb5b57be51a","FullyQualifiedName":"FasterMate.Test.ProfileServiceTest.GetUserByUserIdSuccessfully","DisplayName":"GetUserByUserIdSuccessfully","ExecutorUri":"executor://NUnit3TestExecutor","Source":"E:\\Programming\\FasterMate\\FasterMate.Test\\bin\\Debug\\net6.0\\fine-code-coverage\\build-output\\FasterMate.Test.dll","CodeFilePath":null,"LineNumber":0,"Properties":[{"Key":{"Id":"NUnit.Seed","Label":"Seed","Category":"","Description":"","Attributes":0,"ValueType":"System.String"},"Value":"1857141267"}]},"Attachments":[],"Outcome":1,"ErrorMessage":null,"ErrorStackTrace":null,"DisplayName":"GetUserByUserIdSuccessfully","Messages":[],"ComputerName":"DESKTOP-J9T9LVF","Duration":"00:00:00.0134930","StartTime":"2022-04-13T19:10:06.9795534+00:00","EndTime":"2022-04-13T19:10:06.9930467+00:00","Properties":[{"Key":{"Id":"NUnit.Seed","Label":"Seed","Category":"","Description":"","Attributes":0,"ValueType":"System.String"},"Value":"1857141267"}]},{"TestCase":{"Id":"527d0b6f-6f28-5591-c010-eb9285a9e988","FullyQualifiedName":"FasterMate.Test.ProfileServiceTest.GetUserIdSuccessfully","DisplayName":"GetUserIdSuccessfully","ExecutorUri":"executor://NUnit3TestExecutor","Source":"E:\\Programming\\FasterMate\\FasterMate.Test\\bin\\Debug\\net6.0\\fine-code-coverage\\build-output\\FasterMate.Test.dll","CodeFilePath":null,"LineNumber":0,"Properties":[{"Key":{"Id":"NUnit.Seed","Label":"Seed","Category":"","Description":"","Attributes":0,"ValueType":"System.String"},"Value":"672445968"}]},"Attachments":[],"Outcome":1,"ErrorMessage":null,"ErrorStackTrace":null,"DisplayName":"GetUserIdSuccessfully","Messages":[],"ComputerName":"DESKTOP-J9T9LVF","Duration":"00:00:00.0109170","StartTime":"2022-04-13T19:10:06.9930624+00:00","EndTime":"2022-04-13T19:10:07.0039789+00:00","Properties":[{"Key":{"Id":"NUnit.Seed","Label":"Seed","Category":"","Description":"","Attributes":0,"ValueType":"System.String"},"Value":"672445968"}]},{"TestCase":{"Id":"ea79ec6d-aa49-095d-064b-4aba9a7c74bc","FullyQualifiedName":"FasterMate.Test.ProfileServiceTest.SearchProfilesSuccessfully","DisplayName":"SearchProfilesSuccessfully","ExecutorUri":"executor://NUnit3TestExecutor","Source":"E:\\Programming\\FasterMate\\FasterMate.Test\\bin\\Debug\\net6.0\\fine-code-coverage\\build-output\\FasterMate.Test.dll","CodeFilePath":null,"LineNumber":0,"Properties":[{"Key":{"Id":"NUnit.Seed","Label":"Seed","Category":"","Description":"","Attributes":0,"ValueType":"System.String"},"Value":"1749294591"}]},"Attachments":[],"Outcome":1,"ErrorMessage":null,"ErrorStackTrace":null,"DisplayName":"SearchProfilesSuccessfully","Messages":[],"ComputerName":"DESKTOP-J9T9LVF","Duration":"00:00:00.0216090","StartTime":"2022-04-13T19:10:07.0039954+00:00","EndTime":"2022-04-13T19:10:07.025604+00:00","Properties":[{"Key":{"Id":"NUnit.Seed","Label":"Seed","Category":"","Description":"","Attributes":0,"ValueType":"System.String"},"Value":"1749294591"}]},{"TestCase":{"Id":"c7d5f4ad-61dd-1f0f-cdff-1fd2f40e769c","FullyQualifiedName":"FasterMate.Test.ProfileServiceTest.UnfollowUserSuccessfully","DisplayName":"UnfollowUserSuccessfully","ExecutorUri":"executor://NUnit3TestExecutor","Source":"E:\\Programming\\FasterMate\\FasterMate.Test\\bin\\Debug\\net6.0\\fine-code-coverage\\build-output\\FasterMate.Test.dll","CodeFilePath":null,"LineNumber":0,"Properties":[{"Key":{"Id":"NUnit.Seed","Label":"Seed","Category":"","Description":"","Attributes":0,"ValueType":"System.String"},"Value":"1450336243"}]},"Attachments":[],"Outcome":1,"ErrorMessage":null,"ErrorStackTrace":null,"DisplayName":"UnfollowUserSuccessfully","Messages":[],"ComputerName":"DESKTOP-J9T9LVF","Duration":"00:00:00.0251060","StartTime":"2022-04-13T19:10:07.0256208+00:00","EndTime":"2022-04-13T19:10:07.0507265+00:00","Properties":[{"Key":{"Id":"NUnit.Seed","Label":"Seed","Category":"","Description":"","Attributes":0,"ValueType":"System.String"},"Value":"1450336243"}]},{"TestCase":{"Id":"128fe2b2-0870-88a7-7b5b-0cb5ec79f07d","FullyQualifiedName":"FasterMate.Test.ProfileServiceTest.UpdateAsyncDoesntWork","DisplayName":"UpdateAsyncDoesntWork","ExecutorUri":"executor://NUnit3TestExecutor","Source":"E:\\Programming\\FasterMate\\FasterMate.Test\\bin\\Debug\\net6.0\\fine-code-coverage\\build-output\\FasterMate.Test.dll","CodeFilePath":null,"LineNumber":0,"Properties":[{"Key":{"Id":"NUnit.Seed","Label":"Seed","Category":"","Description":"","Attributes":0,"ValueType":"System.String"},"Value":"1196742252"}]},"Attachments":[],"Outcome":1,"ErrorMessage":null,"ErrorStackTrace":null,"DisplayName":"UpdateAsyncDoesntWork","Messages":[],"ComputerName":"DESKTOP-J9T9LVF","Duration":"00:00:00.0124220","StartTime":"2022-04-13T19:10:07.0507435+00:00","EndTime":"2022-04-13T19:10:07.0631652+00:00","Properties":[{"Key":{"Id":"NUnit.Seed","Label":"Seed","Category":"","Description":"","Attributes":0,"ValueType":"System.String"},"Value":"1196742252"}]},{"TestCase":{"Id":"b1dbb644-f7d2-57a4-0463-1758c6706d39","FullyQualifiedName":"FasterMate.Test.ProfileServiceTest.UpdateAsyncSuccessfully","DisplayName":"UpdateAsyncSuccessfully","ExecutorUri":"executor://NUnit3TestExecutor","Source":"E:\\Programming\\FasterMate\\FasterMate.Test\\bin\\Debug\\net6.0\\fine-code-coverage\\build-output\\FasterMate.Test.dll","CodeFilePath":null,"LineNumber":0,"Properties":[{"Key":{"Id":"NUnit.Seed","Label":"Seed","Category":"","Description":"","Attributes":0,"ValueType":"System.String"},"Value":"2008133568"}]},"Attachments":[],"Outcome":1,"ErrorMessage":null,"ErrorStackTrace":null,"DisplayName":"UpdateAsyncSuccessfully","Messages":[],"ComputerName":"DESKTOP-J9T9LVF","Duration":"00:00:00.0130850","StartTime":"2022-04-13T19:10:07.0631816+00:00","EndTime":"2022-04-13T19:10:07.0762667+00:00","Properties":[{"Key":{"Id":"NUnit.Seed","Label":"Seed","Category":"","Description":"","Attributes":0,"ValueType":"System.String"},"Value":"2008133568"}]}],"TestRunStatistics":{"ExecutedTests":14,"Stats":{"Passed":14}},"ActiveTests":[]},"RunAttachments":[],"ExecutorUris":["executor://nunit3testexecutor/"]}}
TpTrace Verbose: 0 : 2772, 14, 2022/04/13, 22:10:07.090, 12318193601079, vstest.console.dll, TestRequestSender.EndSession: Sending end session.
TpTrace Verbose: 0 : 2772, 14, 2022/04/13, 22:10:07.090, 12318193601809, vstest.console.dll, ProxyOperationManager.Close: waiting for test host to exit for 100 ms
TpTrace Warning: 0 : 2772, 13, 2022/04/13, 22:10:07.106, 12318193758144, vstest.console.dll, TestHostManagerCallbacks.ErrorReceivedCallback Test host standard error line: 
TpTrace Verbose: 0 : 2772, 8, 2022/04/13, 22:10:07.112, 12318193819337, vstest.console.dll, TestHostProvider.ExitCallBack: Host exited starting callback.
TpTrace Information: 0 : 2772, 8, 2022/04/13, 22:10:07.113, 12318193822710, vstest.console.dll, TestHostManagerCallbacks.ExitCallBack: Testhost processId: 7164 exited with exitcode: 0 error: ''
TpTrace Verbose: 0 : 2772, 8, 2022/04/13, 22:10:07.113, 12318193823136, vstest.console.dll, DotnetTestHostManager.OnHostExited: invoking OnHostExited callback
TpTrace Verbose: 0 : 2772, 8, 2022/04/13, 22:10:07.113, 12318193823477, vstest.console.dll, CrossPlatEngine.TestHostManagerHostExited: calling on client process exit callback.
TpTrace Information: 0 : 2772, 8, 2022/04/13, 22:10:07.113, 12318193823822, vstest.console.dll, TestRequestSender.OnClientProcessExit: Test host process exited. Standard error: 
TpTrace Warning: 0 : 2772, 14, 2022/04/13, 22:10:07.113, 12318193823835, vstest.console.dll, ProxyOperationManager: Timed out waiting for test host to exit. Will terminate process.
TpTrace Information: 0 : 2772, 8, 2022/04/13, 22:10:07.113, 12318193824799, vstest.console.dll, SocketServer.Stop: Stop server endPoint: 127.0.0.1:57117
TpTrace Information: 0 : 2772, 8, 2022/04/13, 22:10:07.113, 12318193825173, vstest.console.dll, SocketServer.Stop: Cancellation requested. Stopping message loop.
TpTrace Verbose: 0 : 2772, 14, 2022/04/13, 22:10:07.117, 12318193864727, vstest.console.dll, ProxyDataCollectionManager.InvokeDataCollectionServiceAction: Starting.
TpTrace Information: 0 : 2772, 14, 2022/04/13, 22:10:07.117, 12318193865379, vstest.console.dll, ProxyDataCollectionManager.AfterTestRunEnd: Get attachment set for datacollector processId: 17816 port: 57114
TpTrace Verbose: 0 : 2772, 14, 2022/04/13, 22:10:07.117, 12318193865743, vstest.console.dll, DataCollectionRequestSender.SendAfterTestRunStartAndGetResult : Send AfterTestRunEnd message with isCancelled: False
TpTrace Verbose: 0 : 2772, 14, 2022/04/13, 22:10:07.119, 12318193889226, vstest.console.dll, DataCollectionRequestSender.SendAfterTestRunStartAndGetResult : Received message: (DataCollection.AfterTestRunEndResult) -> {
  "AttachmentSets": [],
  "Metrics": {}
}
TpTrace Information: 0 : 2772, 14, 2022/04/13, 22:10:07.121, 12318193904058, vstest.console.dll, ProxyDataCollectionManager.InvokeDataCollectionServiceAction: Completed.
TpTrace Warning: 0 : 2772, 10, 2022/04/13, 22:10:07.122, 12318193915798, vstest.console.dll, DataCollectionLauncher.ErrorReceivedCallback datacollector standard error line: 
TpTrace Information: 0 : 2772, 8, 2022/04/13, 22:10:07.125, 12318193947587, vstest.console.dll, DataCollectionLauncher.ExitCallBack: Data collector exited with exitcode: 0 error: ''
TpTrace Verbose: 0 : 2772, 14, 2022/04/13, 22:10:07.137, 12318194067005, vstest.console.dll, TestRunRequest:SendTestRunStatsChange: Starting.
TpTrace Information: 0 : 2772, 14, 2022/04/13, 22:10:07.137, 12318194067676, vstest.console.dll, TestRunRequest:SendTestRunStatsChange: Completed.
TpTrace Verbose: 0 : 2772, 14, 2022/04/13, 22:10:07.137, 12318194068692, vstest.console.dll, ParallelProxyExecutionManager: HandlePartialRunComplete: Total completed clients = 1, Run complete = True, Run canceled: False.
TpTrace Verbose: 0 : 2772, 14, 2022/04/13, 22:10:07.150, 12318194193192, vstest.console.dll, TestRunRequest:TestRunComplete: Starting. IsAborted:False IsCanceled:False.
TpTrace Verbose: 0 : 2772, 14, 2022/04/13, 22:10:07.150, 12318194194221, vstest.console.dll, TestLoggerManager.HandleTestRunComplete: Ignoring as the object is disposed.
TpTrace Information: 0 : 2772, 14, 2022/04/13, 22:10:07.150, 12318194195663, vstest.console.dll, TestRunRequest:TestRunComplete: Completed.
TpTrace Verbose: 0 : 2772, 14, 2022/04/13, 22:10:07.150, 12318194195994, vstest.console.dll, TestRequestSender.SetOperationComplete: Setting operation complete.
TpTrace Verbose: 0 : 2772, 1, 2022/04/13, 22:10:07.150, 12318194196177, vstest.console.dll, TestRunRequest.Dispose: Starting.
TpTrace Information: 0 : 2772, 1, 2022/04/13, 22:10:07.150, 12318194196625, vstest.console.dll, TestRunRequest.Dispose: Completed.
TpTrace Information: 0 : 2772, 14, 2022/04/13, 22:10:07.150, 12318194196235, vstest.console.dll, SocketServer.Stop: Stop server endPoint: 127.0.0.1:57117
TpTrace Information: 0 : 2772, 14, 2022/04/13, 22:10:07.150, 12318194197225, vstest.console.dll, SocketServer.Stop: Cancellation requested. Stopping message loop.
TpTrace Information: 0 : 2772, 1, 2022/04/13, 22:10:07.150, 12318194196916, vstest.console.dll, TestRequestManager.RunTests: run tests completed.
TpTrace Information: 0 : 2772, 14, 2022/04/13, 22:10:07.150, 12318194197552, vstest.console.dll, SocketServer.PrivateStop: Stopping server endPoint: 127.0.0.1:57117 error: 
TpTrace Information: 0 : 2772, 1, 2022/04/13, 22:10:07.150, 12318194198117, vstest.console.dll, RunTestsArgumentProcessor:Execute: Test run is completed.
TpTrace Verbose: 0 : 2772, 1, 2022/04/13, 22:10:07.150, 12318194199468, vstest.console.dll, Executor.Execute: Exiting with exit code of 0
TpTrace Verbose: 0 : 2772, 14, 2022/04/13, 22:10:07.150, 12318194200868, vstest.console.dll, LengthPrefixCommunicationChannel.Dispose: Dispose reader and writer.
TpTrace Information: 0 : 2772, 14, 2022/04/13, 22:10:07.150, 12318194201396, vstest.console.dll, SocketServer.Stop: Raise disconnected event endPoint: 127.0.0.1:57117 error: 
TpTrace Verbose: 0 : 2772, 14, 2022/04/13, 22:10:07.150, 12318194201782, vstest.console.dll, TestRequestSender: OnTestRunAbort: Operation is already complete. Skip error message.
TpTrace Verbose: 0 : 2772, 14, 2022/04/13, 22:10:07.150, 12318194202007, vstest.console.dll, TcpClientExtensions.MessageLoopAsync: exiting MessageLoopAsync remoteEndPoint: 127.0.0.1:57118 localEndPoint: 127.0.0.1:57117
